2020-05-17 15:27:22 +0000  Initial pipeline context: <IDEDistributionProcessingPipelineContext: 0x7ff423e91460; archive(resolved)='<IDEArchive: 0x7ff41e5f2720>', distributionTask(resolved)='2', distributionDestination(resolved)='2', distributionMethod(resolved)='<IDEDistributionMethodiOSAppStoreDistribution: 0x7ff423a06440>', team(resolved)='<IDEProvisioningDisambiguatableBasicTeam: 0x7ff420c5b730; teamID='PRL64D4YUA', teamName='OzguRND Elektronik', teamType='Individual', username='bilgi@farmirr.com', isFreeProvisioningTeam='0'>'>
	Chain (13, self inclusive):
	<IDEDistributionProcessingPipelineContext: 0x7ff423e91460; archive = '<IDEArchive: 0x7ff41e5f2720>', distributionMethod='<IDEDistributionMethodiOSAppStoreDistribution: 0x7ff423a06440>', team='<IDEProvisioningDisambiguatableBasicTeam: 0x7ff420c5b730; teamID='PRL64D4YUA', teamName='OzguRND Elektronik', teamType='Individual', username='bilgi@farmirr.com', isFreeProvisioningTeam='0'>'>
	<IDEDistributionProcessingPipelineContext: 0x7ff423e90060; archive = '<IDEArchive: 0x7ff41e5f2720>', distributionMethod='<IDEDistributionMethodiOSAppStoreDistribution: 0x7ff423a06440>', team='<IDEProvisioningDisambiguatableBasicTeam: 0x7ff420c5b730; teamID='PRL64D4YUA', teamName='OzguRND Elektronik', teamType='Individual', username='bilgi@farmirr.com', isFreeProvisioningTeam='0'>'>
	<IDEDistributionContext: 0x7ff423e735e0; archive = '<IDEArchive: 0x7ff41e5f2720>', distributionMethod='<IDEDistributionMethodiOSAppStoreDistribution: 0x7ff423a06440>', team='<IDEProvisioningDisambiguatableBasicTeam: 0x7ff420c5b730; teamID='PRL64D4YUA', teamName='OzguRND Elektronik', teamType='Individual', username='bilgi@farmirr.com', isFreeProvisioningTeam='0'>'>
	<IDEDistributionContext: 0x7ff4238f9160; archive = '<IDEArchive: 0x7ff41e5f2720>', distributionMethod='<IDEDistributionMethodiOSAppStoreDistribution: 0x7ff423a06440>', team='<IDEProvisioningDisambiguatableBasicTeam: 0x7ff420c5b730; teamID='PRL64D4YUA', teamName='OzguRND Elektronik', teamType='Individual', username='bilgi@farmirr.com', isFreeProvisioningTeam='0'>'>
	<IDEDistributionContext: 0x7ff423ca0d30; archive = '<IDEArchive: 0x7ff41e5f2720>', distributionMethod='<IDEDistributionMethodiOSAppStoreDistribution: 0x7ff423a06440>', team='<IDEProvisioningDisambiguatableBasicTeam: 0x7ff420c5b730; teamID='PRL64D4YUA', teamName='OzguRND Elektronik', teamType='Individual', username='bilgi@farmirr.com', isFreeProvisioningTeam='0'>'>
	<IDEDistributionContext: 0x7ff423e45370; archive = '<IDEArchive: 0x7ff41e5f2720>', distributionMethod='<IDEDistributionMethodiOSAppStoreDistribution: 0x7ff423a06440>', team='<IDEProvisioningDisambiguatableBasicTeam: 0x7ff420c5b730; teamID='PRL64D4YUA', teamName='OzguRND Elektronik', teamType='Individual', username='bilgi@farmirr.com', isFreeProvisioningTeam='0'>'>
	<IDEDistributionContext: 0x7ff423e3bdc0; archive = '<IDEArchive: 0x7ff41e5f2720>', distributionMethod='<IDEDistributionMethodiOSAppStoreDistribution: 0x7ff423a06440>', team='<IDEProvisioningDisambiguatableBasicTeam: 0x7ff420c5b730; teamID='PRL64D4YUA', teamName='OzguRND Elektronik', teamType='Individual', username='bilgi@farmirr.com', isFreeProvisioningTeam='0'>'>
	<IDEDistributionContext: 0x7ff422cfb7f0; archive = '<IDEArchive: 0x7ff41e5f2720>', distributionMethod='<IDEDistributionMethodiOSAppStoreDistribution: 0x7ff423a06440>', team='<IDEProvisioningDisambiguatableBasicTeam: 0x7ff420c5b730; teamID='PRL64D4YUA', teamName='OzguRND Elektronik', teamType='Individual', username='bilgi@farmirr.com', isFreeProvisioningTeam='0'>'>
	<IDEDistributionContext: 0x7ff423b75e20; archive = '<IDEArchive: 0x7ff41e5f2720>', distributionMethod='<IDEDistributionMethodiOSAppStoreDistribution: 0x7ff423a06440>', team='<IDEProvisioningDisambiguatableBasicTeam: 0x7ff420c5b730; teamID='PRL64D4YUA', teamName='OzguRND Elektronik', teamType='Individual', username='bilgi@farmirr.com', isFreeProvisioningTeam='0'>'>
	<IDEDistributionContext: 0x7ff4238e5620; archive = '<IDEArchive: 0x7ff41e5f2720>', distributionMethod='<IDEDistributionMethodiOSAppStoreDistribution: 0x7ff423a06440>', team='<IDEProvisioningDisambiguatableBasicTeam: 0x7ff420c5b730; teamID='PRL64D4YUA', teamName='OzguRND Elektronik', teamType='Individual', username='bilgi@farmirr.com', isFreeProvisioningTeam='0'>'>
	<IDEDistributionContext: 0x7ff423d43170; archive = '<IDEArchive: 0x7ff41e5f2720>', distributionMethod='<IDEDistributionMethodiOSAppStoreDistribution: 0x7ff423a06440>', team='(null)'>
	<IDEDistributionContext: 0x7ff423e0c360; archive = '<IDEArchive: 0x7ff41e5f2720>', distributionMethod='<IDEDistributionMethodiOSAppStoreDistribution: 0x7ff423a06440>', team='(null)'>
	<IDEDistributionContext: 0x7ff423b544c0; archive = '<IDEArchive: 0x7ff41e5f2720>', distributionMethod='(null)', team='(null)'>
</IDEDistributionProcessingPipelineContext: 0x7ff423e91460>
2020-05-17 15:27:22 +0000  Processing step: IDEDistributionCreateDestRootStep
2020-05-17 15:27:22 +0000  Processing step: IDEDistributionCopyItemStep
2020-05-17 15:27:22 +0000  Running /usr/bin/ditto '-V' '/Users/yusuf/Library/Developer/Xcode/Archives/2020-05-17/CeliklerMarket 17.05.2020 18.26.xcarchive/Products/Applications/CeliklerMarket.app' '/var/folders/hz/wcnnrjrj269fp2kr_5kdpvf40000gn/T/XcodeDistPipeline.~~~GZSYDa/Root/Payload/CeliklerMarket.app'
2020-05-17 15:27:22 +0000  >>> Copying /Users/yusuf/Library/Developer/Xcode/Archives/2020-05-17/CeliklerMarket 17.05.2020 18.26.xcarchive/Products/Applications/CeliklerMarket.app 
2020-05-17 15:27:22 +0000  copying file ./_CodeSignature/CodeResources ... 
2020-05-17 15:27:22 +0000  12845 bytes for ./_CodeSignature/CodeResources
2020-05-17 15:27:22 +0000  copying file ./CeliklerMarket ... 
2020-05-17 15:27:22 +0000  12818528 bytes for ./CeliklerMarket
2020-05-17 15:27:22 +0000  copying file ./AppIcon60x60@2x.png ... 
7945 bytes for ./AppIcon60x60@2x.png
copying file ./GoogleService-Info.plist ... 
2020-05-17 15:27:22 +0000  750 bytes for ./GoogleService-Info.plist
2020-05-17 15:27:22 +0000  copying file ./Base.lproj/Main.storyboardc/mainViewController.nib ... 
2020-05-17 15:27:22 +0000  2611 bytes for ./Base.lproj/Main.storyboardc/mainViewController.nib
2020-05-17 15:27:22 +0000  copying file ./Base.lproj/Main.storyboardc/XwP-ib-dbX-view-TDg-Wn-D6U.nib ... 
2020-05-17 15:27:22 +0000  1197 bytes for ./Base.lproj/Main.storyboardc/XwP-ib-dbX-view-TDg-Wn-D6U.nib
2020-05-17 15:27:22 +0000  copying file ./Base.lproj/Main.storyboardc/3s9-MG-yst-view-d6i-fC-Bgq.nib ... 
2020-05-17 15:27:22 +0000  11873 bytes for ./Base.lproj/Main.storyboardc/3s9-MG-yst-view-d6i-fC-Bgq.nib
2020-05-17 15:27:22 +0000  copying file ./Base.lproj/Main.storyboardc/KEq-4t-Gn3-view-5jk-2e-vdc.nib ... 
2020-05-17 15:27:22 +0000  5542 bytes for ./Base.lproj/Main.storyboardc/KEq-4t-Gn3-view-5jk-2e-vdc.nib
2020-05-17 15:27:22 +0000  copying file ./Base.lproj/Main.storyboardc/UIViewController-3s9-MG-yst.nib ... 
2020-05-17 15:27:22 +0000  980 bytes for ./Base.lproj/Main.storyboardc/UIViewController-3s9-MG-yst.nib
2020-05-17 15:27:22 +0000  copying file ./Base.lproj/Main.storyboardc/BYZ-38-t0r-view-8bC-Xf-vdC.nib ... 
2020-05-17 15:27:22 +0000  6273 bytes for ./Base.lproj/Main.storyboardc/BYZ-38-t0r-view-8bC-Xf-vdC.nib
2020-05-17 15:27:22 +0000  copying file ./Base.lproj/Main.storyboardc/9ct-fa-8Xf-view-Mlx-WK-4Ev.nib ... 
2020-05-17 15:27:22 +0000  11950 bytes for ./Base.lproj/Main.storyboardc/9ct-fa-8Xf-view-Mlx-WK-4Ev.nib
2020-05-17 15:27:22 +0000  copying file ./Base.lproj/Main.storyboardc/signInController.nib ... 
2020-05-17 15:27:22 +0000  1028 bytes for ./Base.lproj/Main.storyboardc/signInController.nib
2020-05-17 15:27:22 +0000  copying file ./Base.lproj/Main.storyboardc/Info.plist ... 
2020-05-17 15:27:22 +0000  379 bytes for ./Base.lproj/Main.storyboardc/Info.plist
2020-05-17 15:27:22 +0000  copying file ./Base.lproj/Main.storyboardc/tabBarViewController.nib ... 
2020-05-17 15:27:22 +0000  4550 bytes for ./Base.lproj/Main.storyboardc/tabBarViewController.nib
2020-05-17 15:27:22 +0000  copying file ./Base.lproj/LaunchScreen.storyboardc/01J-lp-oVM-view-Ze5-6b-2t3.nib ... 
2020-05-17 15:27:22 +0000  3315 bytes for ./Base.lproj/LaunchScreen.storyboardc/01J-lp-oVM-view-Ze5-6b-2t3.nib
2020-05-17 15:27:22 +0000  copying file ./Base.lproj/LaunchScreen.storyboardc/UIViewController-01J-lp-oVM.nib ... 
2020-05-17 15:27:22 +0000  896 bytes for ./Base.lproj/LaunchScreen.storyboardc/UIViewController-01J-lp-oVM.nib
2020-05-17 15:27:22 +0000  copying file ./Base.lproj/LaunchScreen.storyboardc/Info.plist ... 
2020-05-17 15:27:22 +0000  258 bytes for ./Base.lproj/LaunchScreen.storyboardc/Info.plist
2020-05-17 15:27:22 +0000  copying file ./Assets.car ... 
2020-05-17 15:27:22 +0000  720399 bytes for ./Assets.car
2020-05-17 15:27:22 +0000  copying file ./AppIcon76x76@2x~ipad.png ... 
2020-05-17 15:27:22 +0000  12039 bytes for ./AppIcon76x76@2x~ipad.png
2020-05-17 15:27:22 +0000  copying file ./Frameworks/Kingfisher.framework/_CodeSignature/CodeResources ... 
2020-05-17 15:27:22 +0000  1798 bytes for ./Frameworks/Kingfisher.framework/_CodeSignature/CodeResources
2020-05-17 15:27:22 +0000  copying file ./Frameworks/Kingfisher.framework/Kingfisher ... 
2020-05-17 15:27:22 +0000  6433632 bytes for ./Frameworks/Kingfisher.framework/Kingfisher
2020-05-17 15:27:22 +0000  copying file ./Frameworks/Kingfisher.framework/Info.plist ... 
747 bytes for ./Frameworks/Kingfisher.framework/Info.plist
2020-05-17 15:27:22 +0000  copying file ./Frameworks/GTMSessionFetcher.framework/_CodeSignature/CodeResources ... 
2020-05-17 15:27:22 +0000  1798 bytes for ./Frameworks/GTMSessionFetcher.framework/_CodeSignature/CodeResources
2020-05-17 15:27:22 +0000  copying file ./Frameworks/GTMSessionFetcher.framework/GTMSessionFetcher ... 
2020-05-17 15:27:22 +0000  1323856 bytes for ./Frameworks/GTMSessionFetcher.framework/GTMSessionFetcher
2020-05-17 15:27:22 +0000  copying file ./Frameworks/GTMSessionFetcher.framework/Info.plist ... 
2020-05-17 15:27:22 +0000  761 bytes for ./Frameworks/GTMSessionFetcher.framework/Info.plist
2020-05-17 15:27:22 +0000  copying file ./Frameworks/FBLPromises.framework/_CodeSignature/CodeResources ... 
2020-05-17 15:27:22 +0000  1798 bytes for ./Frameworks/FBLPromises.framework/_CodeSignature/CodeResources
2020-05-17 15:27:22 +0000  copying file ./Frameworks/FBLPromises.framework/FBLPromises ... 
2020-05-17 15:27:22 +0000  685104 bytes for ./Frameworks/FBLPromises.framework/FBLPromises
2020-05-17 15:27:22 +0000  copying file ./Frameworks/FBLPromises.framework/Info.plist ... 
2020-05-17 15:27:22 +0000  747 bytes for ./Frameworks/FBLPromises.framework/Info.plist
2020-05-17 15:27:22 +0000  copying file ./Frameworks/GoogleUtilities.framework/_CodeSignature/CodeResources ... 
2020-05-17 15:27:22 +0000  1798 bytes for ./Frameworks/GoogleUtilities.framework/_CodeSignature/CodeResources
2020-05-17 15:27:22 +0000  copying file ./Frameworks/GoogleUtilities.framework/GoogleUtilities ... 
2020-05-17 15:27:22 +0000  1054416 bytes for ./Frameworks/GoogleUtilities.framework/GoogleUtilities
2020-05-17 15:27:22 +0000  copying file ./Frameworks/GoogleUtilities.framework/Info.plist ... 
757 bytes for ./Frameworks/GoogleUtilities.framework/Info.plist
2020-05-17 15:27:22 +0000  copying file ./Frameworks/nanopb.framework/_CodeSignature/CodeResources ... 
2020-05-17 15:27:22 +0000  1798 bytes for ./Frameworks/nanopb.framework/_CodeSignature/CodeResources
2020-05-17 15:27:22 +0000  copying file ./Frameworks/nanopb.framework/nanopb ... 
2020-05-17 15:27:22 +0000  278208 bytes for ./Frameworks/nanopb.framework/nanopb
2020-05-17 15:27:22 +0000  copying file ./Frameworks/nanopb.framework/Info.plist ... 
2020-05-17 15:27:22 +0000  741 bytes for ./Frameworks/nanopb.framework/Info.plist
2020-05-17 15:27:22 +0000  copying file ./Frameworks/Alamofire.framework/_CodeSignature/CodeResources ... 
2020-05-17 15:27:22 +0000  1798 bytes for ./Frameworks/Alamofire.framework/_CodeSignature/CodeResources
2020-05-17 15:27:22 +0000  copying file ./Frameworks/Alamofire.framework/Alamofire ... 
2020-05-17 15:27:22 +0000  7413200 bytes for ./Frameworks/Alamofire.framework/Alamofire
2020-05-17 15:27:22 +0000  copying file ./Frameworks/Alamofire.framework/Info.plist ... 
744 bytes for ./Frameworks/Alamofire.framework/Info.plist
2020-05-17 15:27:22 +0000  copying file ./Frameworks/SDWebImage.framework/_CodeSignature/CodeResources ... 
2020-05-17 15:27:22 +0000  1798 bytes for ./Frameworks/SDWebImage.framework/_CodeSignature/CodeResources
2020-05-17 15:27:22 +0000  copying file ./Frameworks/SDWebImage.framework/SDWebImage ... 
2020-05-17 15:27:22 +0000  3439776 bytes for ./Frameworks/SDWebImage.framework/SDWebImage
copying file ./Frameworks/SDWebImage.framework/Info.plist ... 
2020-05-17 15:27:22 +0000  745 bytes for ./Frameworks/SDWebImage.framework/Info.plist
2020-05-17 15:27:22 +0000  copying file ./embedded.mobileprovision ... 
2020-05-17 15:27:22 +0000  7388 bytes for ./embedded.mobileprovision
2020-05-17 15:27:22 +0000  copying file ./Info.plist ... 
2020-05-17 15:27:22 +0000  1580 bytes for ./Info.plist
2020-05-17 15:27:22 +0000  copying file ./PkgInfo ... 
2020-05-17 15:27:22 +0000  8 bytes for ./PkgInfo
2020-05-17 15:27:22 +0000  /usr/bin/ditto exited with 0
2020-05-17 15:27:22 +0000  Processing step: IDEDistributionEmbedProfileStep
2020-05-17 15:27:22 +0000  Skipping profile for item: <IDEDistributionItem: 0x7ff423cae730; bundleID='org.cocoapods.Alamofire', path='<DVTFilePath:0x7ff423c757e0:'/Users/yusuf/Library/Developer/Xcode/Archives/2020-05-17/CeliklerMarket 17.05.2020 18.26.xcarchive/Products/Applications/CeliklerMarket.app/Frameworks/Alamofire.framework'>', codeSigningInfo='<_DVTCodeSigningInformation_Path: 0x7ff423d20420; isSigned='1', isAdHocSigned='0', signingCertificate='<DVTSigningCertificate: 0x7ff423e6cc10; name='Apple Distribution: OzguRND Elektronik (PRL64D4YUA)', hash='DDE3F6AE19B1AD460E1C5773DF203C9F13BAD57D', serialNumber='53CF2B415C88C122', certificateKinds='(
    "1.2.840.113635.100.6.1.4",
    "1.2.840.113635.100.6.1.7"
), issueDate='2020-05-17 14:31:57 +0000''>', entitlements='(null)', teamID='PRL64D4YUA', identifier='org.cocoapods.Alamofire', executablePath='<DVTFilePath:0x7ff423c77300:'/Users/yusuf/Library/Developer/Xcode/Archives/2020-05-17/CeliklerMarket 17.05.2020 18.26.xcarchive/Products/Applications/CeliklerMarket.app/Frameworks/Alamofire.framework/Alamofire'>', hardenedRuntime='0'>'>
2020-05-17 15:27:22 +0000  Skipping profile for item: <IDEDistributionItem: 0x7ff423aee270; bundleID='org.cocoapods.FBLPromises', path='<DVTFilePath:0x7ff423d59dd0:'/Users/yusuf/Library/Developer/Xcode/Archives/2020-05-17/CeliklerMarket 17.05.2020 18.26.xcarchive/Products/Applications/CeliklerMarket.app/Frameworks/FBLPromises.framework'>', codeSigningInfo='<_DVTCodeSigningInformation_Path: 0x7ff423b7c720; isSigned='1', isAdHocSigned='0', signingCertificate='<DVTSigningCertificate: 0x7ff423e6cc10; name='Apple Distribution: OzguRND Elektronik (PRL64D4YUA)', hash='DDE3F6AE19B1AD460E1C5773DF203C9F13BAD57D', serialNumber='53CF2B415C88C122', certificateKinds='(
    "1.2.840.113635.100.6.1.4",
    "1.2.840.113635.100.6.1.7"
), issueDate='2020-05-17 14:31:57 +0000''>', entitlements='(null)', teamID='PRL64D4YUA', identifier='org.cocoapods.FBLPromises', executablePath='<DVTFilePath:0x7ff423d56a20:'/Users/yusuf/Library/Developer/Xcode/Archives/2020-05-17/CeliklerMarket 17.05.2020 18.26.xcarchive/Products/Applications/CeliklerMarket.app/Frameworks/FBLPromises.framework/FBLPromises'>', hardenedRuntime='0'>'>
2020-05-17 15:27:22 +0000  Skipping profile for item: <IDEDistributionItem: 0x7ff423ca1080; bundleID='org.cocoapods.GTMSessionFetcher', path='<DVTFilePath:0x7ff423d28590:'/Users/yusuf/Library/Developer/Xcode/Archives/2020-05-17/CeliklerMarket 17.05.2020 18.26.xcarchive/Products/Applications/CeliklerMarket.app/Frameworks/GTMSessionFetcher.framework'>', codeSigningInfo='<_DVTCodeSigningInformation_Path: 0x7ff423d39c30; isSigned='1', isAdHocSigned='0', signingCertificate='<DVTSigningCertificate: 0x7ff423e6cc10; name='Apple Distribution: OzguRND Elektronik (PRL64D4YUA)', hash='DDE3F6AE19B1AD460E1C5773DF203C9F13BAD57D', serialNumber='53CF2B415C88C122', certificateKinds='(
    "1.2.840.113635.100.6.1.4",
    "1.2.840.113635.100.6.1.7"
), issueDate='2020-05-17 14:31:57 +0000''>', entitlements='(null)', teamID='PRL64D4YUA', identifier='org.cocoapods.GTMSessionFetcher', executablePath='<DVTFilePath:0x7ff423d50270:'/Users/yusuf/Library/Developer/Xcode/Archives/2020-05-17/CeliklerMarket 17.05.2020 18.26.xcarchive/Products/Applications/CeliklerMarket.app/Frameworks/GTMSessionFetcher.framework/GTMSessionFetcher'>', hardenedRuntime='0'>'>
2020-05-17 15:27:22 +0000  Skipping profile for item: <IDEDistributionItem: 0x7ff423e37170; bundleID='org.cocoapods.GoogleUtilities', path='<DVTFilePath:0x7ff423d3fa30:'/Users/yusuf/Library/Developer/Xcode/Archives/2020-05-17/CeliklerMarket 17.05.2020 18.26.xcarchive/Products/Applications/CeliklerMarket.app/Frameworks/GoogleUtilities.framework'>', codeSigningInfo='<_DVTCodeSigningInformation_Path: 0x7ff423b654d0; isSigned='1', isAdHocSigned='0', signingCertificate='<DVTSigningCertificate: 0x7ff423e6cc10; name='Apple Distribution: OzguRND Elektronik (PRL64D4YUA)', hash='DDE3F6AE19B1AD460E1C5773DF203C9F13BAD57D', serialNumber='53CF2B415C88C122', certificateKinds='(
    "1.2.840.113635.100.6.1.4",
    "1.2.840.113635.100.6.1.7"
), issueDate='2020-05-17 14:31:57 +0000''>', entitlements='(null)', teamID='PRL64D4YUA', identifier='org.cocoapods.GoogleUtilities', executablePath='<DVTFilePath:0x7ff423d57b80:'/Users/yusuf/Library/Developer/Xcode/Archives/2020-05-17/CeliklerMarket 17.05.2020 18.26.xcarchive/Products/Applications/CeliklerMarket.app/Frameworks/GoogleUtilities.framework/GoogleUtilities'>', hardenedRuntime='0'>'>
2020-05-17 15:27:22 +0000  Skipping profile for item: <IDEDistributionItem: 0x7ff423b844d0; bundleID='org.cocoapods.Kingfisher', path='<DVTFilePath:0x7ff421249220:'/Users/yusuf/Library/Developer/Xcode/Archives/2020-05-17/CeliklerMarket 17.05.2020 18.26.xcarchive/Products/Applications/CeliklerMarket.app/Frameworks/Kingfisher.framework'>', codeSigningInfo='<_DVTCodeSigningInformation_Path: 0x7ff423b6ddf0; isSigned='1', isAdHocSigned='0', signingCertificate='<DVTSigningCertificate: 0x7ff423e6cc10; name='Apple Distribution: OzguRND Elektronik (PRL64D4YUA)', hash='DDE3F6AE19B1AD460E1C5773DF203C9F13BAD57D', serialNumber='53CF2B415C88C122', certificateKinds='(
    "1.2.840.113635.100.6.1.4",
    "1.2.840.113635.100.6.1.7"
), issueDate='2020-05-17 14:31:57 +0000''>', entitlements='(null)', teamID='PRL64D4YUA', identifier='org.cocoapods.Kingfisher', executablePath='<DVTFilePath:0x7ff423c6e370:'/Users/yusuf/Library/Developer/Xcode/Archives/2020-05-17/CeliklerMarket 17.05.2020 18.26.xcarchive/Products/Applications/CeliklerMarket.app/Frameworks/Kingfisher.framework/Kingfisher'>', hardenedRuntime='0'>'>
2020-05-17 15:27:22 +0000  Skipping profile for item: <IDEDistributionItem: 0x7ff423d3a570; bundleID='org.cocoapods.SDWebImage', path='<DVTFilePath:0x7ff423cacd30:'/Users/yusuf/Library/Developer/Xcode/Archives/2020-05-17/CeliklerMarket 17.05.2020 18.26.xcarchive/Products/Applications/CeliklerMarket.app/Frameworks/SDWebImage.framework'>', codeSigningInfo='<_DVTCodeSigningInformation_Path: 0x7ff423d57e40; isSigned='1', isAdHocSigned='0', signingCertificate='<DVTSigningCertificate: 0x7ff423bb0370; name='Apple Distribution: OzguRND Elektronik (PRL64D4YUA)', hash='DDE3F6AE19B1AD460E1C5773DF203C9F13BAD57D', serialNumber='53CF2B415C88C122', certificateKinds='(
    "1.2.840.113635.100.6.1.4",
    "1.2.840.113635.100.6.1.7"
), issueDate='2020-05-17 14:31:57 +0000''>', entitlements='(null)', teamID='PRL64D4YUA', identifier='org.cocoapods.SDWebImage', executablePath='<DVTFilePath:0x7ff423c88190:'/Users/yusuf/Library/Developer/Xcode/Archives/2020-05-17/CeliklerMarket 17.05.2020 18.26.xcarchive/Products/Applications/CeliklerMarket.app/Frameworks/SDWebImage.framework/SDWebImage'>', hardenedRuntime='0'>'>
2020-05-17 15:27:22 +0000  Skipping profile for item: <IDEDistributionItem: 0x7ff423c91840; bundleID='org.cocoapods.nanopb', path='<DVTFilePath:0x7ff423c70cd0:'/Users/yusuf/Library/Developer/Xcode/Archives/2020-05-17/CeliklerMarket 17.05.2020 18.26.xcarchive/Products/Applications/CeliklerMarket.app/Frameworks/nanopb.framework'>', codeSigningInfo='<_DVTCodeSigningInformation_Path: 0x7ff423afc6f0; isSigned='1', isAdHocSigned='0', signingCertificate='<DVTSigningCertificate: 0x7ff423bb0370; name='Apple Distribution: OzguRND Elektronik (PRL64D4YUA)', hash='DDE3F6AE19B1AD460E1C5773DF203C9F13BAD57D', serialNumber='53CF2B415C88C122', certificateKinds='(
    "1.2.840.113635.100.6.1.4",
    "1.2.840.113635.100.6.1.7"
), issueDate='2020-05-17 14:31:57 +0000''>', entitlements='(null)', teamID='PRL64D4YUA', identifier='org.cocoapods.nanopb', executablePath='<DVTFilePath:0x7ff423c97690:'/Users/yusuf/Library/Developer/Xcode/Archives/2020-05-17/CeliklerMarket 17.05.2020 18.26.xcarchive/Products/Applications/CeliklerMarket.app/Frameworks/nanopb.framework/nanopb'>', hardenedRuntime='0'>'>
2020-05-17 15:27:22 +0000  Processing step: IDEDistributionInfoPlistStep
2020-05-17 15:27:22 +0000  Skipping step: IDEDistributionInfoPlistStep because it said so
2020-05-17 15:27:22 +0000  Skipping step: IDEDistributionInfoPlistStep because it said so
2020-05-17 15:27:22 +0000  Skipping step: IDEDistributionInfoPlistStep because it said so
2020-05-17 15:27:22 +0000  Skipping step: IDEDistributionInfoPlistStep because it said so
2020-05-17 15:27:22 +0000  Skipping step: IDEDistributionInfoPlistStep because it said so
2020-05-17 15:27:22 +0000  Skipping step: IDEDistributionInfoPlistStep because it said so
2020-05-17 15:27:22 +0000  Skipping step: IDEDistributionInfoPlistStep because it said so
2020-05-17 15:27:22 +0000  Skipping step: IDEDistributionInfoPlistStep because it said so
2020-05-17 15:27:22 +0000  Processing step: IDEDistributionItemRemovalStep
2020-05-17 15:27:22 +0000  Processing step: IDEDistributionAppThinningPlistStep
2020-05-17 15:27:22 +0000  Skipping step: IDEDistributionAppThinningPlistStep because it said so
2020-05-17 15:27:22 +0000  Processing step: IDEDistributionCompileBitcodeStep
2020-05-17 15:27:22 +0000  Skipping step: IDEDistributionCompileBitcodeStep because it said so
2020-05-17 15:27:22 +0000  Processing step: IDEDistributionCodeSlimmingStep
2020-05-17 15:27:22 +0000  Processing step: IDEDistributionCopyBCSymbolMapsStep
2020-05-17 15:27:22 +0000  Running /usr/bin/ditto '-V' '/Users/yusuf/Library/Developer/Xcode/Archives/2020-05-17/CeliklerMarket 17.05.2020 18.26.xcarchive/BCSymbolMaps/E96A0F87-AA33-3ADD-A176-F5573E34C1DB.bcsymbolmap' '/var/folders/hz/wcnnrjrj269fp2kr_5kdpvf40000gn/T/XcodeDistPipeline.~~~GZSYDa/Root/BCSymbolMaps/E96A0F87-AA33-3ADD-A176-F5573E34C1DB.bcsymbolmap'
2020-05-17 15:27:22 +0000  >>> Copying /Users/yusuf/Library/Developer/Xcode/Archives/2020-05-17/CeliklerMarket 17.05.2020 18.26.xcarchive/BCSymbolMaps/E96A0F87-AA33-3ADD-A176-F5573E34C1DB.bcsymbolmap 
2020-05-17 15:27:22 +0000  copying file ./E96A0F87-AA33-3ADD-A176-F5573E34C1DB.bcsymbolmap ... 
2020-05-17 15:27:22 +0000  662627 bytes for ./E96A0F87-AA33-3ADD-A176-F5573E34C1DB.bcsymbolmap
2020-05-17 15:27:22 +0000  /usr/bin/ditto exited with 0
2020-05-17 15:27:22 +0000  Running /usr/bin/ditto '-V' '/Users/yusuf/Library/Developer/Xcode/Archives/2020-05-17/CeliklerMarket 17.05.2020 18.26.xcarchive/BCSymbolMaps/1CFEA74E-D327-337B-9CDE-3896F8F53F9F.bcsymbolmap' '/var/folders/hz/wcnnrjrj269fp2kr_5kdpvf40000gn/T/XcodeDistPipeline.~~~GZSYDa/Root/BCSymbolMaps/1CFEA74E-D327-337B-9CDE-3896F8F53F9F.bcsymbolmap'
2020-05-17 15:27:22 +0000  >>> Copying /Users/yusuf/Library/Developer/Xcode/Archives/2020-05-17/CeliklerMarket 17.05.2020 18.26.xcarchive/BCSymbolMaps/1CFEA74E-D327-337B-9CDE-3896F8F53F9F.bcsymbolmap 
2020-05-17 15:27:22 +0000  copying file ./1CFEA74E-D327-337B-9CDE-3896F8F53F9F.bcsymbolmap ... 
2020-05-17 15:27:22 +0000  50735 bytes for ./1CFEA74E-D327-337B-9CDE-3896F8F53F9F.bcsymbolmap
2020-05-17 15:27:22 +0000  /usr/bin/ditto exited with 0
2020-05-17 15:27:22 +0000  Running /usr/bin/ditto '-V' '/Users/yusuf/Library/Developer/Xcode/Archives/2020-05-17/CeliklerMarket 17.05.2020 18.26.xcarchive/BCSymbolMaps/FC541D3D-66D5-349D-ADDD-9496E3E5DD7A.bcsymbolmap' '/var/folders/hz/wcnnrjrj269fp2kr_5kdpvf40000gn/T/XcodeDistPipeline.~~~GZSYDa/Root/BCSymbolMaps/FC541D3D-66D5-349D-ADDD-9496E3E5DD7A.bcsymbolmap'
2020-05-17 15:27:22 +0000  >>> Copying /Users/yusuf/Library/Developer/Xcode/Archives/2020-05-17/CeliklerMarket 17.05.2020 18.26.xcarchive/BCSymbolMaps/FC541D3D-66D5-349D-ADDD-9496E3E5DD7A.bcsymbolmap 
2020-05-17 15:27:22 +0000  copying file ./FC541D3D-66D5-349D-ADDD-9496E3E5DD7A.bcsymbolmap ... 
2020-05-17 15:27:22 +0000  85554 bytes for ./FC541D3D-66D5-349D-ADDD-9496E3E5DD7A.bcsymbolmap
2020-05-17 15:27:22 +0000  /usr/bin/ditto exited with 0
2020-05-17 15:27:22 +0000  Running /usr/bin/ditto '-V' '/Users/yusuf/Library/Developer/Xcode/Archives/2020-05-17/CeliklerMarket 17.05.2020 18.26.xcarchive/BCSymbolMaps/D3B5582A-6BCC-3433-AA00-C33045E449F3.bcsymbolmap' '/var/folders/hz/wcnnrjrj269fp2kr_5kdpvf40000gn/T/XcodeDistPipeline.~~~GZSYDa/Root/BCSymbolMaps/D3B5582A-6BCC-3433-AA00-C33045E449F3.bcsymbolmap'
2020-05-17 15:27:22 +0000  >>> Copying /Users/yusuf/Library/Developer/Xcode/Archives/2020-05-17/CeliklerMarket 17.05.2020 18.26.xcarchive/BCSymbolMaps/D3B5582A-6BCC-3433-AA00-C33045E449F3.bcsymbolmap 
2020-05-17 15:27:22 +0000  copying file ./D3B5582A-6BCC-3433-AA00-C33045E449F3.bcsymbolmap ... 
2020-05-17 15:27:22 +0000  55437 bytes for ./D3B5582A-6BCC-3433-AA00-C33045E449F3.bcsymbolmap
2020-05-17 15:27:22 +0000  /usr/bin/ditto exited with 0
2020-05-17 15:27:22 +0000  Running /usr/bin/ditto '-V' '/Users/yusuf/Library/Developer/Xcode/Archives/2020-05-17/CeliklerMarket 17.05.2020 18.26.xcarchive/BCSymbolMaps/AF013BE0-78D5-3496-AD01-53A1B1028F39.bcsymbolmap' '/var/folders/hz/wcnnrjrj269fp2kr_5kdpvf40000gn/T/XcodeDistPipeline.~~~GZSYDa/Root/BCSymbolMaps/AF013BE0-78D5-3496-AD01-53A1B1028F39.bcsymbolmap'
2020-05-17 15:27:22 +0000  >>> Copying /Users/yusuf/Library/Developer/Xcode/Archives/2020-05-17/CeliklerMarket 17.05.2020 18.26.xcarchive/BCSymbolMaps/AF013BE0-78D5-3496-AD01-53A1B1028F39.bcsymbolmap 
2020-05-17 15:27:22 +0000  copying file ./AF013BE0-78D5-3496-AD01-53A1B1028F39.bcsymbolmap ... 
2020-05-17 15:27:22 +0000  571688 bytes for ./AF013BE0-78D5-3496-AD01-53A1B1028F39.bcsymbolmap
2020-05-17 15:27:22 +0000  /usr/bin/ditto exited with 0
2020-05-17 15:27:22 +0000  Running /usr/bin/ditto '-V' '/Users/yusuf/Library/Developer/Xcode/Archives/2020-05-17/CeliklerMarket 17.05.2020 18.26.xcarchive/BCSymbolMaps/C1FC7BCE-A394-35AD-87D0-4AF99CED7FAF.bcsymbolmap' '/var/folders/hz/wcnnrjrj269fp2kr_5kdpvf40000gn/T/XcodeDistPipeline.~~~GZSYDa/Root/BCSymbolMaps/C1FC7BCE-A394-35AD-87D0-4AF99CED7FAF.bcsymbolmap'
2020-05-17 15:27:22 +0000  >>> Copying /Users/yusuf/Library/Developer/Xcode/Archives/2020-05-17/CeliklerMarket 17.05.2020 18.26.xcarchive/BCSymbolMaps/C1FC7BCE-A394-35AD-87D0-4AF99CED7FAF.bcsymbolmap 
2020-05-17 15:27:22 +0000  copying file ./C1FC7BCE-A394-35AD-87D0-4AF99CED7FAF.bcsymbolmap ... 
2020-05-17 15:27:22 +0000  157752 bytes for ./C1FC7BCE-A394-35AD-87D0-4AF99CED7FAF.bcsymbolmap
2020-05-17 15:27:22 +0000  /usr/bin/ditto exited with 0
2020-05-17 15:27:22 +0000  Running /usr/bin/ditto '-V' '/Users/yusuf/Library/Developer/Xcode/Archives/2020-05-17/CeliklerMarket 17.05.2020 18.26.xcarchive/BCSymbolMaps/62474D82-2B52-3558-A3F5-5F41FFE088EA.bcsymbolmap' '/var/folders/hz/wcnnrjrj269fp2kr_5kdpvf40000gn/T/XcodeDistPipeline.~~~GZSYDa/Root/BCSymbolMaps/62474D82-2B52-3558-A3F5-5F41FFE088EA.bcsymbolmap'
2020-05-17 15:27:22 +0000  >>> Copying /Users/yusuf/Library/Developer/Xcode/Archives/2020-05-17/CeliklerMarket 17.05.2020 18.26.xcarchive/BCSymbolMaps/62474D82-2B52-3558-A3F5-5F41FFE088EA.bcsymbolmap 
2020-05-17 15:27:22 +0000  copying file ./62474D82-2B52-3558-A3F5-5F41FFE088EA.bcsymbolmap ... 
2020-05-17 15:27:22 +0000  12791 bytes for ./62474D82-2B52-3558-A3F5-5F41FFE088EA.bcsymbolmap
2020-05-17 15:27:22 +0000  /usr/bin/ditto exited with 0
2020-05-17 15:27:22 +0000  Running /usr/bin/ditto '-V' '/Users/yusuf/Library/Developer/Xcode/Archives/2020-05-17/CeliklerMarket 17.05.2020 18.26.xcarchive/BCSymbolMaps/AC23B2F0-7D05-3D6D-9FDB-CE01604AA994.bcsymbolmap' '/var/folders/hz/wcnnrjrj269fp2kr_5kdpvf40000gn/T/XcodeDistPipeline.~~~GZSYDa/Root/BCSymbolMaps/AC23B2F0-7D05-3D6D-9FDB-CE01604AA994.bcsymbolmap'
2020-05-17 15:27:22 +0000  >>> Copying /Users/yusuf/Library/Developer/Xcode/Archives/2020-05-17/CeliklerMarket 17.05.2020 18.26.xcarchive/BCSymbolMaps/AC23B2F0-7D05-3D6D-9FDB-CE01604AA994.bcsymbolmap 
2020-05-17 15:27:22 +0000  copying file ./AC23B2F0-7D05-3D6D-9FDB-CE01604AA994.bcsymbolmap ... 
2020-05-17 15:27:22 +0000  554799 bytes for ./AC23B2F0-7D05-3D6D-9FDB-CE01604AA994.bcsymbolmap
2020-05-17 15:27:22 +0000  /usr/bin/ditto exited with 0
2020-05-17 15:27:22 +0000  Processing step: IDEDistributionSymbolsStep
2020-05-17 15:27:22 +0000  Excluding symbols for Alamofire.framework
2020-05-17 15:27:22 +0000  Excluding symbols for FBLPromises.framework
2020-05-17 15:27:22 +0000  Excluding symbols for GTMSessionFetcher.framework
2020-05-17 15:27:22 +0000  Excluding symbols for GoogleUtilities.framework
2020-05-17 15:27:22 +0000  Excluding symbols for Kingfisher.framework
2020-05-17 15:27:22 +0000  Excluding symbols for SDWebImage.framework
2020-05-17 15:27:22 +0000  Excluding symbols for nanopb.framework
2020-05-17 15:27:22 +0000  Excluding symbols for CeliklerMarket.app
2020-05-17 15:27:22 +0000  Processing step: IDEDistributionCopyAppleProvidedContentStep
2020-05-17 15:27:22 +0000  Processing step: IDEDistributionAppThinningStep
2020-05-17 15:27:22 +0000  Skipping step: IDEDistributionAppThinningStep because it said so
2020-05-17 15:27:22 +0000  Processing step: IDEDistributionArchThinningStep
2020-05-17 15:27:22 +0000  Running /Applications/Xcode.app/Contents/Developer/Toolchains/XcodeDefault.xctoolchain/usr/bin/lipo '/var/folders/hz/wcnnrjrj269fp2kr_5kdpvf40000gn/T/XcodeDistPipeline.~~~GZSYDa/Root/Payload/CeliklerMarket.app/Frameworks/Alamofire.framework/Alamofire' '-verify_arch' 'arm64e'
2020-05-17 15:27:22 +0000  /Applications/Xcode.app/Contents/Developer/Toolchains/XcodeDefault.xctoolchain/usr/bin/lipo exited with 1
2020-05-17 15:27:22 +0000  Skipping architecture thinning for item "Alamofire" because arch "arm64e" wasn't found
2020-05-17 15:27:22 +0000  Running /Applications/Xcode.app/Contents/Developer/Toolchains/XcodeDefault.xctoolchain/usr/bin/lipo '/var/folders/hz/wcnnrjrj269fp2kr_5kdpvf40000gn/T/XcodeDistPipeline.~~~GZSYDa/Root/Payload/CeliklerMarket.app/Frameworks/FBLPromises.framework/FBLPromises' '-verify_arch' 'arm64e'
2020-05-17 15:27:22 +0000  /Applications/Xcode.app/Contents/Developer/Toolchains/XcodeDefault.xctoolchain/usr/bin/lipo exited with 1
2020-05-17 15:27:22 +0000  Skipping architecture thinning for item "FBLPromises" because arch "arm64e" wasn't found
2020-05-17 15:27:22 +0000  Running /Applications/Xcode.app/Contents/Developer/Toolchains/XcodeDefault.xctoolchain/usr/bin/lipo '/var/folders/hz/wcnnrjrj269fp2kr_5kdpvf40000gn/T/XcodeDistPipeline.~~~GZSYDa/Root/Payload/CeliklerMarket.app/Frameworks/GTMSessionFetcher.framework/GTMSessionFetcher' '-verify_arch' 'arm64e'
2020-05-17 15:27:22 +0000  /Applications/Xcode.app/Contents/Developer/Toolchains/XcodeDefault.xctoolchain/usr/bin/lipo exited with 1
2020-05-17 15:27:22 +0000  Skipping architecture thinning for item "GTMSessionFetcher" because arch "arm64e" wasn't found
2020-05-17 15:27:22 +0000  Running /Applications/Xcode.app/Contents/Developer/Toolchains/XcodeDefault.xctoolchain/usr/bin/lipo '/var/folders/hz/wcnnrjrj269fp2kr_5kdpvf40000gn/T/XcodeDistPipeline.~~~GZSYDa/Root/Payload/CeliklerMarket.app/Frameworks/GoogleUtilities.framework/GoogleUtilities' '-verify_arch' 'arm64e'
2020-05-17 15:27:22 +0000  /Applications/Xcode.app/Contents/Developer/Toolchains/XcodeDefault.xctoolchain/usr/bin/lipo exited with 1
2020-05-17 15:27:22 +0000  Skipping architecture thinning for item "GoogleUtilities" because arch "arm64e" wasn't found
2020-05-17 15:27:22 +0000  Running /Applications/Xcode.app/Contents/Developer/Toolchains/XcodeDefault.xctoolchain/usr/bin/lipo '/var/folders/hz/wcnnrjrj269fp2kr_5kdpvf40000gn/T/XcodeDistPipeline.~~~GZSYDa/Root/Payload/CeliklerMarket.app/Frameworks/Kingfisher.framework/Kingfisher' '-verify_arch' 'arm64e'
2020-05-17 15:27:22 +0000  /Applications/Xcode.app/Contents/Developer/Toolchains/XcodeDefault.xctoolchain/usr/bin/lipo exited with 1
2020-05-17 15:27:22 +0000  Skipping architecture thinning for item "Kingfisher" because arch "arm64e" wasn't found
2020-05-17 15:27:22 +0000  Running /Applications/Xcode.app/Contents/Developer/Toolchains/XcodeDefault.xctoolchain/usr/bin/lipo '/var/folders/hz/wcnnrjrj269fp2kr_5kdpvf40000gn/T/XcodeDistPipeline.~~~GZSYDa/Root/Payload/CeliklerMarket.app/Frameworks/SDWebImage.framework/SDWebImage' '-verify_arch' 'arm64e'
2020-05-17 15:27:22 +0000  /Applications/Xcode.app/Contents/Developer/Toolchains/XcodeDefault.xctoolchain/usr/bin/lipo exited with 1
2020-05-17 15:27:22 +0000  Skipping architecture thinning for item "SDWebImage" because arch "arm64e" wasn't found
2020-05-17 15:27:22 +0000  Running /Applications/Xcode.app/Contents/Developer/Toolchains/XcodeDefault.xctoolchain/usr/bin/lipo '/var/folders/hz/wcnnrjrj269fp2kr_5kdpvf40000gn/T/XcodeDistPipeline.~~~GZSYDa/Root/Payload/CeliklerMarket.app/Frameworks/nanopb.framework/nanopb' '-verify_arch' 'arm64e'
2020-05-17 15:27:22 +0000  /Applications/Xcode.app/Contents/Developer/Toolchains/XcodeDefault.xctoolchain/usr/bin/lipo exited with 1
2020-05-17 15:27:22 +0000  Skipping architecture thinning for item "nanopb" because arch "arm64e" wasn't found
2020-05-17 15:27:22 +0000  Running /Applications/Xcode.app/Contents/Developer/Toolchains/XcodeDefault.xctoolchain/usr/bin/lipo '/var/folders/hz/wcnnrjrj269fp2kr_5kdpvf40000gn/T/XcodeDistPipeline.~~~GZSYDa/Root/Payload/CeliklerMarket.app/CeliklerMarket' '-verify_arch' 'arm64e'
2020-05-17 15:27:22 +0000  /Applications/Xcode.app/Contents/Developer/Toolchains/XcodeDefault.xctoolchain/usr/bin/lipo exited with 1
2020-05-17 15:27:22 +0000  Skipping architecture thinning for item "CeliklerMarket" because arch "arm64e" wasn't found
2020-05-17 15:27:22 +0000  Processing step: IDEDistributionODRStep
2020-05-17 15:27:22 +0000  Processing step: IDEDistributionStripXattrsStep
2020-05-17 15:27:22 +0000  Skipping stripping extended attributes of item: <IDEDistributionItem: 0x7ff423cae730; bundleID='org.cocoapods.Alamofire', path='<DVTFilePath:0x7ff423c757e0:'/Users/yusuf/Library/Developer/Xcode/Archives/2020-05-17/CeliklerMarket 17.05.2020 18.26.xcarchive/Products/Applications/CeliklerMarket.app/Frameworks/Alamofire.framework'>', codeSigningInfo='<_DVTCodeSigningInformation_Path: 0x7ff423d20420; isSigned='1', isAdHocSigned='0', signingCertificate='<DVTSigningCertificate: 0x7ff423ba9b50; name='Apple Distribution: OzguRND Elektronik (PRL64D4YUA)', hash='DDE3F6AE19B1AD460E1C5773DF203C9F13BAD57D', serialNumber='53CF2B415C88C122', certificateKinds='(
    "1.2.840.113635.100.6.1.4",
    "1.2.840.113635.100.6.1.7"
), issueDate='2020-05-17 14:31:57 +0000''>', entitlements='(null)', teamID='PRL64D4YUA', identifier='org.cocoapods.Alamofire', executablePath='<DVTFilePath:0x7ff423c77300:'/Users/yusuf/Library/Developer/Xcode/Archives/2020-05-17/CeliklerMarket 17.05.2020 18.26.xcarchive/Products/Applications/CeliklerMarket.app/Frameworks/Alamofire.framework/Alamofire'>', hardenedRuntime='0'>'>
2020-05-17 15:27:22 +0000  Skipping stripping extended attributes of item: <IDEDistributionItem: 0x7ff423aee270; bundleID='org.cocoapods.FBLPromises', path='<DVTFilePath:0x7ff423d59dd0:'/Users/yusuf/Library/Developer/Xcode/Archives/2020-05-17/CeliklerMarket 17.05.2020 18.26.xcarchive/Products/Applications/CeliklerMarket.app/Frameworks/FBLPromises.framework'>', codeSigningInfo='<_DVTCodeSigningInformation_Path: 0x7ff423b7c720; isSigned='1', isAdHocSigned='0', signingCertificate='<DVTSigningCertificate: 0x7ff423b9ee60; name='Apple Distribution: OzguRND Elektronik (PRL64D4YUA)', hash='DDE3F6AE19B1AD460E1C5773DF203C9F13BAD57D', serialNumber='53CF2B415C88C122', certificateKinds='(
    "1.2.840.113635.100.6.1.4",
    "1.2.840.113635.100.6.1.7"
), issueDate='2020-05-17 14:31:57 +0000''>', entitlements='(null)', teamID='PRL64D4YUA', identifier='org.cocoapods.FBLPromises', executablePath='<DVTFilePath:0x7ff423d56a20:'/Users/yusuf/Library/Developer/Xcode/Archives/2020-05-17/CeliklerMarket 17.05.2020 18.26.xcarchive/Products/Applications/CeliklerMarket.app/Frameworks/FBLPromises.framework/FBLPromises'>', hardenedRuntime='0'>'>
2020-05-17 15:27:22 +0000  Skipping stripping extended attributes of item: <IDEDistributionItem: 0x7ff423ca1080; bundleID='org.cocoapods.GTMSessionFetcher', path='<DVTFilePath:0x7ff423d28590:'/Users/yusuf/Library/Developer/Xcode/Archives/2020-05-17/CeliklerMarket 17.05.2020 18.26.xcarchive/Products/Applications/CeliklerMarket.app/Frameworks/GTMSessionFetcher.framework'>', codeSigningInfo='<_DVTCodeSigningInformation_Path: 0x7ff423d39c30; isSigned='1', isAdHocSigned='0', signingCertificate='<DVTSigningCertificate: 0x7ff423e51090; name='Apple Distribution: OzguRND Elektronik (PRL64D4YUA)', hash='DDE3F6AE19B1AD460E1C5773DF203C9F13BAD57D', serialNumber='53CF2B415C88C122', certificateKinds='(
    "1.2.840.113635.100.6.1.4",
    "1.2.840.113635.100.6.1.7"
), issueDate='2020-05-17 14:31:57 +0000''>', entitlements='(null)', teamID='PRL64D4YUA', identifier='org.cocoapods.GTMSessionFetcher', executablePath='<DVTFilePath:0x7ff423d50270:'/Users/yusuf/Library/Developer/Xcode/Archives/2020-05-17/CeliklerMarket 17.05.2020 18.26.xcarchive/Products/Applications/CeliklerMarket.app/Frameworks/GTMSessionFetcher.framework/GTMSessionFetcher'>', hardenedRuntime='0'>'>
2020-05-17 15:27:22 +0000  Skipping stripping extended attributes of item: <IDEDistributionItem: 0x7ff423e37170; bundleID='org.cocoapods.GoogleUtilities', path='<DVTFilePath:0x7ff423d3fa30:'/Users/yusuf/Library/Developer/Xcode/Archives/2020-05-17/CeliklerMarket 17.05.2020 18.26.xcarchive/Products/Applications/CeliklerMarket.app/Frameworks/GoogleUtilities.framework'>', codeSigningInfo='<_DVTCodeSigningInformation_Path: 0x7ff423b654d0; isSigned='1', isAdHocSigned='0', signingCertificate='<DVTSigningCertificate: 0x7ff423e51090; name='Apple Distribution: OzguRND Elektronik (PRL64D4YUA)', hash='DDE3F6AE19B1AD460E1C5773DF203C9F13BAD57D', serialNumber='53CF2B415C88C122', certificateKinds='(
    "1.2.840.113635.100.6.1.4",
    "1.2.840.113635.100.6.1.7"
), issueDate='2020-05-17 14:31:57 +0000''>', entitlements='(null)', teamID='PRL64D4YUA', identifier='org.cocoapods.GoogleUtilities', executablePath='<DVTFilePath:0x7ff423d57b80:'/Users/yusuf/Library/Developer/Xcode/Archives/2020-05-17/CeliklerMarket 17.05.2020 18.26.xcarchive/Products/Applications/CeliklerMarket.app/Frameworks/GoogleUtilities.framework/GoogleUtilities'>', hardenedRuntime='0'>'>
2020-05-17 15:27:22 +0000  Skipping stripping extended attributes of item: <IDEDistributionItem: 0x7ff423b844d0; bundleID='org.cocoapods.Kingfisher', path='<DVTFilePath:0x7ff421249220:'/Users/yusuf/Library/Developer/Xcode/Archives/2020-05-17/CeliklerMarket 17.05.2020 18.26.xcarchive/Products/Applications/CeliklerMarket.app/Frameworks/Kingfisher.framework'>', codeSigningInfo='<_DVTCodeSigningInformation_Path: 0x7ff423b6ddf0; isSigned='1', isAdHocSigned='0', signingCertificate='<DVTSigningCertificate: 0x7ff423bb2880; name='Apple Distribution: OzguRND Elektronik (PRL64D4YUA)', hash='DDE3F6AE19B1AD460E1C5773DF203C9F13BAD57D', serialNumber='53CF2B415C88C122', certificateKinds='(
    "1.2.840.113635.100.6.1.4",
    "1.2.840.113635.100.6.1.7"
), issueDate='2020-05-17 14:31:57 +0000''>', entitlements='(null)', teamID='PRL64D4YUA', identifier='org.cocoapods.Kingfisher', executablePath='<DVTFilePath:0x7ff423c6e370:'/Users/yusuf/Library/Developer/Xcode/Archives/2020-05-17/CeliklerMarket 17.05.2020 18.26.xcarchive/Products/Applications/CeliklerMarket.app/Frameworks/Kingfisher.framework/Kingfisher'>', hardenedRuntime='0'>'>
2020-05-17 15:27:22 +0000  Skipping stripping extended attributes of item: <IDEDistributionItem: 0x7ff423d3a570; bundleID='org.cocoapods.SDWebImage', path='<DVTFilePath:0x7ff423cacd30:'/Users/yusuf/Library/Developer/Xcode/Archives/2020-05-17/CeliklerMarket 17.05.2020 18.26.xcarchive/Products/Applications/CeliklerMarket.app/Frameworks/SDWebImage.framework'>', codeSigningInfo='<_DVTCodeSigningInformation_Path: 0x7ff423d57e40; isSigned='1', isAdHocSigned='0', signingCertificate='<DVTSigningCertificate: 0x7ff423bb29b0; name='Apple Distribution: OzguRND Elektronik (PRL64D4YUA)', hash='DDE3F6AE19B1AD460E1C5773DF203C9F13BAD57D', serialNumber='53CF2B415C88C122', certificateKinds='(
    "1.2.840.113635.100.6.1.4",
    "1.2.840.113635.100.6.1.7"
), issueDate='2020-05-17 14:31:57 +0000''>', entitlements='(null)', teamID='PRL64D4YUA', identifier='org.cocoapods.SDWebImage', executablePath='<DVTFilePath:0x7ff423c88190:'/Users/yusuf/Library/Developer/Xcode/Archives/2020-05-17/CeliklerMarket 17.05.2020 18.26.xcarchive/Products/Applications/CeliklerMarket.app/Frameworks/SDWebImage.framework/SDWebImage'>', hardenedRuntime='0'>'>
2020-05-17 15:27:22 +0000  Skipping stripping extended attributes of item: <IDEDistributionItem: 0x7ff423c91840; bundleID='org.cocoapods.nanopb', path='<DVTFilePath:0x7ff423c70cd0:'/Users/yusuf/Library/Developer/Xcode/Archives/2020-05-17/CeliklerMarket 17.05.2020 18.26.xcarchive/Products/Applications/CeliklerMarket.app/Frameworks/nanopb.framework'>', codeSigningInfo='<_DVTCodeSigningInformation_Path: 0x7ff423afc6f0; isSigned='1', isAdHocSigned='0', signingCertificate='<DVTSigningCertificate: 0x7ff423ba9b50; name='Apple Distribution: OzguRND Elektronik (PRL64D4YUA)', hash='DDE3F6AE19B1AD460E1C5773DF203C9F13BAD57D', serialNumber='53CF2B415C88C122', certificateKinds='(
    "1.2.840.113635.100.6.1.4",
    "1.2.840.113635.100.6.1.7"
), issueDate='2020-05-17 14:31:57 +0000''>', entitlements='(null)', teamID='PRL64D4YUA', identifier='org.cocoapods.nanopb', executablePath='<DVTFilePath:0x7ff423c97690:'/Users/yusuf/Library/Developer/Xcode/Archives/2020-05-17/CeliklerMarket 17.05.2020 18.26.xcarchive/Products/Applications/CeliklerMarket.app/Frameworks/nanopb.framework/nanopb'>', hardenedRuntime='0'>'>
2020-05-17 15:27:22 +0000  Running /usr/bin/xattr '-crs' '/var/folders/hz/wcnnrjrj269fp2kr_5kdpvf40000gn/T/XcodeDistPipeline.~~~GZSYDa/Root/Payload/CeliklerMarket.app'
2020-05-17 15:27:23 +0000  /usr/bin/xattr exited with 0
2020-05-17 15:27:23 +0000  Processing step: IDEDistributionCodesignStep
2020-05-17 15:27:23 +0000  Entitlements for <IDEDistributionItem: 0x7ff423cae730; bundleID='org.cocoapods.Alamofire', path='<DVTFilePath:0x7ff423c757e0:'/Users/yusuf/Library/Developer/Xcode/Archives/2020-05-17/CeliklerMarket 17.05.2020 18.26.xcarchive/Products/Applications/CeliklerMarket.app/Frameworks/Alamofire.framework'>', codeSigningInfo='<_DVTCodeSigningInformation_Path: 0x7ff423d20420; isSigned='1', isAdHocSigned='0', signingCertificate='<DVTSigningCertificate: 0x7ff422dd3210; name='Apple Distribution: OzguRND Elektronik (PRL64D4YUA)', hash='DDE3F6AE19B1AD460E1C5773DF203C9F13BAD57D', serialNumber='53CF2B415C88C122', certificateKinds='(
    "1.2.840.113635.100.6.1.4",
    "1.2.840.113635.100.6.1.7"
), issueDate='2020-05-17 14:31:57 +0000''>', entitlements='(null)', teamID='PRL64D4YUA', identifier='org.cocoapods.Alamofire', executablePath='<DVTFilePath:0x7ff423c77300:'/Users/yusuf/Library/Developer/Xcode/Archives/2020-05-17/CeliklerMarket 17.05.2020 18.26.xcarchive/Products/Applications/CeliklerMarket.app/Frameworks/Alamofire.framework/Alamofire'>', hardenedRuntime='0'>'>: {
}
2020-05-17 15:27:23 +0000  Writing entitlements for <IDEDistributionItem: 0x7ff423cae730; bundleID='org.cocoapods.Alamofire', path='<DVTFilePath:0x7ff423c757e0:'/Users/yusuf/Library/Developer/Xcode/Archives/2020-05-17/CeliklerMarket 17.05.2020 18.26.xcarchive/Products/Applications/CeliklerMarket.app/Frameworks/Alamofire.framework'>', codeSigningInfo='<_DVTCodeSigningInformation_Path: 0x7ff423d20420; isSigned='1', isAdHocSigned='0', signingCertificate='<DVTSigningCertificate: 0x7ff423d683c0; name='Apple Distribution: OzguRND Elektronik (PRL64D4YUA)', hash='DDE3F6AE19B1AD460E1C5773DF203C9F13BAD57D', serialNumber='53CF2B415C88C122', certificateKinds='(
    "1.2.840.113635.100.6.1.4",
    "1.2.840.113635.100.6.1.7"
), issueDate='2020-05-17 14:31:57 +0000''>', entitlements='(null)', teamID='PRL64D4YUA', identifier='org.cocoapods.Alamofire', executablePath='<DVTFilePath:0x7ff423c77300:'/Users/yusuf/Library/Developer/Xcode/Archives/2020-05-17/CeliklerMarket 17.05.2020 18.26.xcarchive/Products/Applications/CeliklerMarket.app/Frameworks/Alamofire.framework/Alamofire'>', hardenedRuntime='0'>'> to: /var/folders/hz/wcnnrjrj269fp2kr_5kdpvf40000gn/T/XcodeDistPipeline.~~~GZSYDa/entitlements~~~o2SFTI
2020-05-17 15:27:23 +0000  Running /usr/bin/codesign '-vvv' '--force' '--sign' 'DDE3F6AE19B1AD460E1C5773DF203C9F13BAD57D' '--entitlements' '/var/folders/hz/wcnnrjrj269fp2kr_5kdpvf40000gn/T/XcodeDistPipeline.~~~GZSYDa/entitlements~~~o2SFTI' '--preserve-metadata=identifier,flags,runtime' '/var/folders/hz/wcnnrjrj269fp2kr_5kdpvf40000gn/T/XcodeDistPipeline.~~~GZSYDa/Root/Payload/CeliklerMarket.app/Frameworks/Alamofire.framework'
2020-05-17 15:27:23 +0000  /var/folders/hz/wcnnrjrj269fp2kr_5kdpvf40000gn/T/XcodeDistPipeline.~~~GZSYDa/Root/Payload/CeliklerMarket.app/Frameworks/Alamofire.framework: signed bundle with Mach-O universal (arm64) [org.cocoapods.Alamofire]
2020-05-17 15:27:23 +0000  /usr/bin/codesign exited with 0
2020-05-17 15:27:23 +0000  Entitlements for <IDEDistributionItem: 0x7ff423aee270; bundleID='org.cocoapods.FBLPromises', path='<DVTFilePath:0x7ff423d59dd0:'/Users/yusuf/Library/Developer/Xcode/Archives/2020-05-17/CeliklerMarket 17.05.2020 18.26.xcarchive/Products/Applications/CeliklerMarket.app/Frameworks/FBLPromises.framework'>', codeSigningInfo='<_DVTCodeSigningInformation_Path: 0x7ff423b7c720; isSigned='1', isAdHocSigned='0', signingCertificate='<DVTSigningCertificate: 0x7ff423f451f0; name='Apple Distribution: OzguRND Elektronik (PRL64D4YUA)', hash='DDE3F6AE19B1AD460E1C5773DF203C9F13BAD57D', serialNumber='53CF2B415C88C122', certificateKinds='(
    "1.2.840.113635.100.6.1.4",
    "1.2.840.113635.100.6.1.7"
), issueDate='2020-05-17 14:31:57 +0000''>', entitlements='(null)', teamID='PRL64D4YUA', identifier='org.cocoapods.FBLPromises', executablePath='<DVTFilePath:0x7ff423d56a20:'/Users/yusuf/Library/Developer/Xcode/Archives/2020-05-17/CeliklerMarket 17.05.2020 18.26.xcarchive/Products/Applications/CeliklerMarket.app/Frameworks/FBLPromises.framework/FBLPromises'>', hardenedRuntime='0'>'>: {
}
2020-05-17 15:27:23 +0000  Writing entitlements for <IDEDistributionItem: 0x7ff423aee270; bundleID='org.cocoapods.FBLPromises', path='<DVTFilePath:0x7ff423d59dd0:'/Users/yusuf/Library/Developer/Xcode/Archives/2020-05-17/CeliklerMarket 17.05.2020 18.26.xcarchive/Products/Applications/CeliklerMarket.app/Frameworks/FBLPromises.framework'>', codeSigningInfo='<_DVTCodeSigningInformation_Path: 0x7ff423b7c720; isSigned='1', isAdHocSigned='0', signingCertificate='<DVTSigningCertificate: 0x7ff423b9ed50; name='Apple Distribution: OzguRND Elektronik (PRL64D4YUA)', hash='DDE3F6AE19B1AD460E1C5773DF203C9F13BAD57D', serialNumber='53CF2B415C88C122', certificateKinds='(
    "1.2.840.113635.100.6.1.4",
    "1.2.840.113635.100.6.1.7"
), issueDate='2020-05-17 14:31:57 +0000''>', entitlements='(null)', teamID='PRL64D4YUA', identifier='org.cocoapods.FBLPromises', executablePath='<DVTFilePath:0x7ff423d56a20:'/Users/yusuf/Library/Developer/Xcode/Archives/2020-05-17/CeliklerMarket 17.05.2020 18.26.xcarchive/Products/Applications/CeliklerMarket.app/Frameworks/FBLPromises.framework/FBLPromises'>', hardenedRuntime='0'>'> to: /var/folders/hz/wcnnrjrj269fp2kr_5kdpvf40000gn/T/XcodeDistPipeline.~~~GZSYDa/entitlements~~~JFqmAI
2020-05-17 15:27:23 +0000  Running /usr/bin/codesign '-vvv' '--force' '--sign' 'DDE3F6AE19B1AD460E1C5773DF203C9F13BAD57D' '--entitlements' '/var/folders/hz/wcnnrjrj269fp2kr_5kdpvf40000gn/T/XcodeDistPipeline.~~~GZSYDa/entitlements~~~JFqmAI' '--preserve-metadata=identifier,flags,runtime' '/var/folders/hz/wcnnrjrj269fp2kr_5kdpvf40000gn/T/XcodeDistPipeline.~~~GZSYDa/Root/Payload/CeliklerMarket.app/Frameworks/FBLPromises.framework'
2020-05-17 15:27:23 +0000  /var/folders/hz/wcnnrjrj269fp2kr_5kdpvf40000gn/T/XcodeDistPipeline.~~~GZSYDa/Root/Payload/CeliklerMarket.app/Frameworks/FBLPromises.framework: signed bundle with Mach-O universal (arm64) [org.cocoapods.FBLPromises]
2020-05-17 15:27:23 +0000  /usr/bin/codesign exited with 0
2020-05-17 15:27:23 +0000  Entitlements for <IDEDistributionItem: 0x7ff423ca1080; bundleID='org.cocoapods.GTMSessionFetcher', path='<DVTFilePath:0x7ff423d28590:'/Users/yusuf/Library/Developer/Xcode/Archives/2020-05-17/CeliklerMarket 17.05.2020 18.26.xcarchive/Products/Applications/CeliklerMarket.app/Frameworks/GTMSessionFetcher.framework'>', codeSigningInfo='<_DVTCodeSigningInformation_Path: 0x7ff423d39c30; isSigned='1', isAdHocSigned='0', signingCertificate='<DVTSigningCertificate: 0x7ff423c7a4d0; name='Apple Distribution: OzguRND Elektronik (PRL64D4YUA)', hash='DDE3F6AE19B1AD460E1C5773DF203C9F13BAD57D', serialNumber='53CF2B415C88C122', certificateKinds='(
    "1.2.840.113635.100.6.1.4",
    "1.2.840.113635.100.6.1.7"
), issueDate='2020-05-17 14:31:57 +0000''>', entitlements='(null)', teamID='PRL64D4YUA', identifier='org.cocoapods.GTMSessionFetcher', executablePath='<DVTFilePath:0x7ff423d50270:'/Users/yusuf/Library/Developer/Xcode/Archives/2020-05-17/CeliklerMarket 17.05.2020 18.26.xcarchive/Products/Applications/CeliklerMarket.app/Frameworks/GTMSessionFetcher.framework/GTMSessionFetcher'>', hardenedRuntime='0'>'>: {
}
2020-05-17 15:27:23 +0000  Writing entitlements for <IDEDistributionItem: 0x7ff423ca1080; bundleID='org.cocoapods.GTMSessionFetcher', path='<DVTFilePath:0x7ff423d28590:'/Users/yusuf/Library/Developer/Xcode/Archives/2020-05-17/CeliklerMarket 17.05.2020 18.26.xcarchive/Products/Applications/CeliklerMarket.app/Frameworks/GTMSessionFetcher.framework'>', codeSigningInfo='<_DVTCodeSigningInformation_Path: 0x7ff423d39c30; isSigned='1', isAdHocSigned='0', signingCertificate='<DVTSigningCertificate: 0x7ff422dd3210; name='Apple Distribution: OzguRND Elektronik (PRL64D4YUA)', hash='DDE3F6AE19B1AD460E1C5773DF203C9F13BAD57D', serialNumber='53CF2B415C88C122', certificateKinds='(
    "1.2.840.113635.100.6.1.4",
    "1.2.840.113635.100.6.1.7"
), issueDate='2020-05-17 14:31:57 +0000''>', entitlements='(null)', teamID='PRL64D4YUA', identifier='org.cocoapods.GTMSessionFetcher', executablePath='<DVTFilePath:0x7ff423d50270:'/Users/yusuf/Library/Developer/Xcode/Archives/2020-05-17/CeliklerMarket 17.05.2020 18.26.xcarchive/Products/Applications/CeliklerMarket.app/Frameworks/GTMSessionFetcher.framework/GTMSessionFetcher'>', hardenedRuntime='0'>'> to: /var/folders/hz/wcnnrjrj269fp2kr_5kdpvf40000gn/T/XcodeDistPipeline.~~~GZSYDa/entitlements~~~xmUigE
2020-05-17 15:27:23 +0000  Running /usr/bin/codesign '-vvv' '--force' '--sign' 'DDE3F6AE19B1AD460E1C5773DF203C9F13BAD57D' '--entitlements' '/var/folders/hz/wcnnrjrj269fp2kr_5kdpvf40000gn/T/XcodeDistPipeline.~~~GZSYDa/entitlements~~~xmUigE' '--preserve-metadata=identifier,flags,runtime' '/var/folders/hz/wcnnrjrj269fp2kr_5kdpvf40000gn/T/XcodeDistPipeline.~~~GZSYDa/Root/Payload/CeliklerMarket.app/Frameworks/GTMSessionFetcher.framework'
2020-05-17 15:27:23 +0000  /var/folders/hz/wcnnrjrj269fp2kr_5kdpvf40000gn/T/XcodeDistPipeline.~~~GZSYDa/Root/Payload/CeliklerMarket.app/Frameworks/GTMSessionFetcher.framework: signed bundle with Mach-O universal (arm64) [org.cocoapods.GTMSessionFetcher]
2020-05-17 15:27:23 +0000  /usr/bin/codesign exited with 0
2020-05-17 15:27:23 +0000  Entitlements for <IDEDistributionItem: 0x7ff423e37170; bundleID='org.cocoapods.GoogleUtilities', path='<DVTFilePath:0x7ff423d3fa30:'/Users/yusuf/Library/Developer/Xcode/Archives/2020-05-17/CeliklerMarket 17.05.2020 18.26.xcarchive/Products/Applications/CeliklerMarket.app/Frameworks/GoogleUtilities.framework'>', codeSigningInfo='<_DVTCodeSigningInformation_Path: 0x7ff423b654d0; isSigned='1', isAdHocSigned='0', signingCertificate='<DVTSigningCertificate: 0x7ff423d7dfd0; name='Apple Distribution: OzguRND Elektronik (PRL64D4YUA)', hash='DDE3F6AE19B1AD460E1C5773DF203C9F13BAD57D', serialNumber='53CF2B415C88C122', certificateKinds='(
    "1.2.840.113635.100.6.1.4",
    "1.2.840.113635.100.6.1.7"
), issueDate='2020-05-17 14:31:57 +0000''>', entitlements='(null)', teamID='PRL64D4YUA', identifier='org.cocoapods.GoogleUtilities', executablePath='<DVTFilePath:0x7ff423d57b80:'/Users/yusuf/Library/Developer/Xcode/Archives/2020-05-17/CeliklerMarket 17.05.2020 18.26.xcarchive/Products/Applications/CeliklerMarket.app/Frameworks/GoogleUtilities.framework/GoogleUtilities'>', hardenedRuntime='0'>'>: {
}
2020-05-17 15:27:23 +0000  Writing entitlements for <IDEDistributionItem: 0x7ff423e37170; bundleID='org.cocoapods.GoogleUtilities', path='<DVTFilePath:0x7ff423d3fa30:'/Users/yusuf/Library/Developer/Xcode/Archives/2020-05-17/CeliklerMarket 17.05.2020 18.26.xcarchive/Products/Applications/CeliklerMarket.app/Frameworks/GoogleUtilities.framework'>', codeSigningInfo='<_DVTCodeSigningInformation_Path: 0x7ff423b654d0; isSigned='1', isAdHocSigned='0', signingCertificate='<DVTSigningCertificate: 0x7ff423d7dad0; name='Apple Distribution: OzguRND Elektronik (PRL64D4YUA)', hash='DDE3F6AE19B1AD460E1C5773DF203C9F13BAD57D', serialNumber='53CF2B415C88C122', certificateKinds='(
    "1.2.840.113635.100.6.1.4",
    "1.2.840.113635.100.6.1.7"
), issueDate='2020-05-17 14:31:57 +0000''>', entitlements='(null)', teamID='PRL64D4YUA', identifier='org.cocoapods.GoogleUtilities', executablePath='<DVTFilePath:0x7ff423d57b80:'/Users/yusuf/Library/Developer/Xcode/Archives/2020-05-17/CeliklerMarket 17.05.2020 18.26.xcarchive/Products/Applications/CeliklerMarket.app/Frameworks/GoogleUtilities.framework/GoogleUtilities'>', hardenedRuntime='0'>'> to: /var/folders/hz/wcnnrjrj269fp2kr_5kdpvf40000gn/T/XcodeDistPipeline.~~~GZSYDa/entitlements~~~lWPb1o
2020-05-17 15:27:23 +0000  Running /usr/bin/codesign '-vvv' '--force' '--sign' 'DDE3F6AE19B1AD460E1C5773DF203C9F13BAD57D' '--entitlements' '/var/folders/hz/wcnnrjrj269fp2kr_5kdpvf40000gn/T/XcodeDistPipeline.~~~GZSYDa/entitlements~~~lWPb1o' '--preserve-metadata=identifier,flags,runtime' '/var/folders/hz/wcnnrjrj269fp2kr_5kdpvf40000gn/T/XcodeDistPipeline.~~~GZSYDa/Root/Payload/CeliklerMarket.app/Frameworks/GoogleUtilities.framework'
2020-05-17 15:27:23 +0000  /var/folders/hz/wcnnrjrj269fp2kr_5kdpvf40000gn/T/XcodeDistPipeline.~~~GZSYDa/Root/Payload/CeliklerMarket.app/Frameworks/GoogleUtilities.framework: signed bundle with Mach-O universal (arm64) [org.cocoapods.GoogleUtilities]
2020-05-17 15:27:23 +0000  /usr/bin/codesign exited with 0
2020-05-17 15:27:23 +0000  Entitlements for <IDEDistributionItem: 0x7ff423b844d0; bundleID='org.cocoapods.Kingfisher', path='<DVTFilePath:0x7ff421249220:'/Users/yusuf/Library/Developer/Xcode/Archives/2020-05-17/CeliklerMarket 17.05.2020 18.26.xcarchive/Products/Applications/CeliklerMarket.app/Frameworks/Kingfisher.framework'>', codeSigningInfo='<_DVTCodeSigningInformation_Path: 0x7ff423b6ddf0; isSigned='1', isAdHocSigned='0', signingCertificate='<DVTSigningCertificate: 0x7ff423f451f0; name='Apple Distribution: OzguRND Elektronik (PRL64D4YUA)', hash='DDE3F6AE19B1AD460E1C5773DF203C9F13BAD57D', serialNumber='53CF2B415C88C122', certificateKinds='(
    "1.2.840.113635.100.6.1.4",
    "1.2.840.113635.100.6.1.7"
), issueDate='2020-05-17 14:31:57 +0000''>', entitlements='(null)', teamID='PRL64D4YUA', identifier='org.cocoapods.Kingfisher', executablePath='<DVTFilePath:0x7ff423c6e370:'/Users/yusuf/Library/Developer/Xcode/Archives/2020-05-17/CeliklerMarket 17.05.2020 18.26.xcarchive/Products/Applications/CeliklerMarket.app/Frameworks/Kingfisher.framework/Kingfisher'>', hardenedRuntime='0'>'>: {
}
2020-05-17 15:27:23 +0000  Writing entitlements for <IDEDistributionItem: 0x7ff423b844d0; bundleID='org.cocoapods.Kingfisher', path='<DVTFilePath:0x7ff421249220:'/Users/yusuf/Library/Developer/Xcode/Archives/2020-05-17/CeliklerMarket 17.05.2020 18.26.xcarchive/Products/Applications/CeliklerMarket.app/Frameworks/Kingfisher.framework'>', codeSigningInfo='<_DVTCodeSigningInformation_Path: 0x7ff423b6ddf0; isSigned='1', isAdHocSigned='0', signingCertificate='<DVTSigningCertificate: 0x7ff423bbb960; name='Apple Distribution: OzguRND Elektronik (PRL64D4YUA)', hash='DDE3F6AE19B1AD460E1C5773DF203C9F13BAD57D', serialNumber='53CF2B415C88C122', certificateKinds='(
    "1.2.840.113635.100.6.1.4",
    "1.2.840.113635.100.6.1.7"
), issueDate='2020-05-17 14:31:57 +0000''>', entitlements='(null)', teamID='PRL64D4YUA', identifier='org.cocoapods.Kingfisher', executablePath='<DVTFilePath:0x7ff423c6e370:'/Users/yusuf/Library/Developer/Xcode/Archives/2020-05-17/CeliklerMarket 17.05.2020 18.26.xcarchive/Products/Applications/CeliklerMarket.app/Frameworks/Kingfisher.framework/Kingfisher'>', hardenedRuntime='0'>'> to: /var/folders/hz/wcnnrjrj269fp2kr_5kdpvf40000gn/T/XcodeDistPipeline.~~~GZSYDa/entitlements~~~4GDfwJ
2020-05-17 15:27:23 +0000  Running /usr/bin/codesign '-vvv' '--force' '--sign' 'DDE3F6AE19B1AD460E1C5773DF203C9F13BAD57D' '--entitlements' '/var/folders/hz/wcnnrjrj269fp2kr_5kdpvf40000gn/T/XcodeDistPipeline.~~~GZSYDa/entitlements~~~4GDfwJ' '--preserve-metadata=identifier,flags,runtime' '/var/folders/hz/wcnnrjrj269fp2kr_5kdpvf40000gn/T/XcodeDistPipeline.~~~GZSYDa/Root/Payload/CeliklerMarket.app/Frameworks/Kingfisher.framework'
2020-05-17 15:27:23 +0000  /var/folders/hz/wcnnrjrj269fp2kr_5kdpvf40000gn/T/XcodeDistPipeline.~~~GZSYDa/Root/Payload/CeliklerMarket.app/Frameworks/Kingfisher.framework: signed bundle with Mach-O universal (arm64) [org.cocoapods.Kingfisher]
2020-05-17 15:27:23 +0000  /usr/bin/codesign exited with 0
2020-05-17 15:27:23 +0000  Entitlements for <IDEDistributionItem: 0x7ff423d3a570; bundleID='org.cocoapods.SDWebImage', path='<DVTFilePath:0x7ff423cacd30:'/Users/yusuf/Library/Developer/Xcode/Archives/2020-05-17/CeliklerMarket 17.05.2020 18.26.xcarchive/Products/Applications/CeliklerMarket.app/Frameworks/SDWebImage.framework'>', codeSigningInfo='<_DVTCodeSigningInformation_Path: 0x7ff423d57e40; isSigned='1', isAdHocSigned='0', signingCertificate='<DVTSigningCertificate: 0x7ff423d7dfd0; name='Apple Distribution: OzguRND Elektronik (PRL64D4YUA)', hash='DDE3F6AE19B1AD460E1C5773DF203C9F13BAD57D', serialNumber='53CF2B415C88C122', certificateKinds='(
    "1.2.840.113635.100.6.1.4",
    "1.2.840.113635.100.6.1.7"
), issueDate='2020-05-17 14:31:57 +0000''>', entitlements='(null)', teamID='PRL64D4YUA', identifier='org.cocoapods.SDWebImage', executablePath='<DVTFilePath:0x7ff423c88190:'/Users/yusuf/Library/Developer/Xcode/Archives/2020-05-17/CeliklerMarket 17.05.2020 18.26.xcarchive/Products/Applications/CeliklerMarket.app/Frameworks/SDWebImage.framework/SDWebImage'>', hardenedRuntime='0'>'>: {
}
2020-05-17 15:27:23 +0000  Writing entitlements for <IDEDistributionItem: 0x7ff423d3a570; bundleID='org.cocoapods.SDWebImage', path='<DVTFilePath:0x7ff423cacd30:'/Users/yusuf/Library/Developer/Xcode/Archives/2020-05-17/CeliklerMarket 17.05.2020 18.26.xcarchive/Products/Applications/CeliklerMarket.app/Frameworks/SDWebImage.framework'>', codeSigningInfo='<_DVTCodeSigningInformation_Path: 0x7ff423d57e40; isSigned='1', isAdHocSigned='0', signingCertificate='<DVTSigningCertificate: 0x7ff423d4c250; name='Apple Distribution: OzguRND Elektronik (PRL64D4YUA)', hash='DDE3F6AE19B1AD460E1C5773DF203C9F13BAD57D', serialNumber='53CF2B415C88C122', certificateKinds='(
    "1.2.840.113635.100.6.1.4",
    "1.2.840.113635.100.6.1.7"
), issueDate='2020-05-17 14:31:57 +0000''>', entitlements='(null)', teamID='PRL64D4YUA', identifier='org.cocoapods.SDWebImage', executablePath='<DVTFilePath:0x7ff423c88190:'/Users/yusuf/Library/Developer/Xcode/Archives/2020-05-17/CeliklerMarket 17.05.2020 18.26.xcarchive/Products/Applications/CeliklerMarket.app/Frameworks/SDWebImage.framework/SDWebImage'>', hardenedRuntime='0'>'> to: /var/folders/hz/wcnnrjrj269fp2kr_5kdpvf40000gn/T/XcodeDistPipeline.~~~GZSYDa/entitlements~~~6TrT8T
2020-05-17 15:27:23 +0000  Running /usr/bin/codesign '-vvv' '--force' '--sign' 'DDE3F6AE19B1AD460E1C5773DF203C9F13BAD57D' '--entitlements' '/var/folders/hz/wcnnrjrj269fp2kr_5kdpvf40000gn/T/XcodeDistPipeline.~~~GZSYDa/entitlements~~~6TrT8T' '--preserve-metadata=identifier,flags,runtime' '/var/folders/hz/wcnnrjrj269fp2kr_5kdpvf40000gn/T/XcodeDistPipeline.~~~GZSYDa/Root/Payload/CeliklerMarket.app/Frameworks/SDWebImage.framework'
2020-05-17 15:27:23 +0000  /var/folders/hz/wcnnrjrj269fp2kr_5kdpvf40000gn/T/XcodeDistPipeline.~~~GZSYDa/Root/Payload/CeliklerMarket.app/Frameworks/SDWebImage.framework: signed bundle with Mach-O universal (arm64) [org.cocoapods.SDWebImage]
2020-05-17 15:27:23 +0000  /usr/bin/codesign exited with 0
2020-05-17 15:27:23 +0000  Entitlements for <IDEDistributionItem: 0x7ff423c91840; bundleID='org.cocoapods.nanopb', path='<DVTFilePath:0x7ff423c70cd0:'/Users/yusuf/Library/Developer/Xcode/Archives/2020-05-17/CeliklerMarket 17.05.2020 18.26.xcarchive/Products/Applications/CeliklerMarket.app/Frameworks/nanopb.framework'>', codeSigningInfo='<_DVTCodeSigningInformation_Path: 0x7ff423afc6f0; isSigned='1', isAdHocSigned='0', signingCertificate='<DVTSigningCertificate: 0x7ff423d7dfd0; name='Apple Distribution: OzguRND Elektronik (PRL64D4YUA)', hash='DDE3F6AE19B1AD460E1C5773DF203C9F13BAD57D', serialNumber='53CF2B415C88C122', certificateKinds='(
    "1.2.840.113635.100.6.1.4",
    "1.2.840.113635.100.6.1.7"
), issueDate='2020-05-17 14:31:57 +0000''>', entitlements='(null)', teamID='PRL64D4YUA', identifier='org.cocoapods.nanopb', executablePath='<DVTFilePath:0x7ff423c97690:'/Users/yusuf/Library/Developer/Xcode/Archives/2020-05-17/CeliklerMarket 17.05.2020 18.26.xcarchive/Products/Applications/CeliklerMarket.app/Frameworks/nanopb.framework/nanopb'>', hardenedRuntime='0'>'>: {
}
2020-05-17 15:27:23 +0000  Writing entitlements for <IDEDistributionItem: 0x7ff423c91840; bundleID='org.cocoapods.nanopb', path='<DVTFilePath:0x7ff423c70cd0:'/Users/yusuf/Library/Developer/Xcode/Archives/2020-05-17/CeliklerMarket 17.05.2020 18.26.xcarchive/Products/Applications/CeliklerMarket.app/Frameworks/nanopb.framework'>', codeSigningInfo='<_DVTCodeSigningInformation_Path: 0x7ff423afc6f0; isSigned='1', isAdHocSigned='0', signingCertificate='<DVTSigningCertificate: 0x7ff423d74b70; name='Apple Distribution: OzguRND Elektronik (PRL64D4YUA)', hash='DDE3F6AE19B1AD460E1C5773DF203C9F13BAD57D', serialNumber='53CF2B415C88C122', certificateKinds='(
    "1.2.840.113635.100.6.1.4",
    "1.2.840.113635.100.6.1.7"
), issueDate='2020-05-17 14:31:57 +0000''>', entitlements='(null)', teamID='PRL64D4YUA', identifier='org.cocoapods.nanopb', executablePath='<DVTFilePath:0x7ff423c97690:'/Users/yusuf/Library/Developer/Xcode/Archives/2020-05-17/CeliklerMarket 17.05.2020 18.26.xcarchive/Products/Applications/CeliklerMarket.app/Frameworks/nanopb.framework/nanopb'>', hardenedRuntime='0'>'> to: /var/folders/hz/wcnnrjrj269fp2kr_5kdpvf40000gn/T/XcodeDistPipeline.~~~GZSYDa/entitlements~~~zt9kGg
2020-05-17 15:27:23 +0000  Running /usr/bin/codesign '-vvv' '--force' '--sign' 'DDE3F6AE19B1AD460E1C5773DF203C9F13BAD57D' '--entitlements' '/var/folders/hz/wcnnrjrj269fp2kr_5kdpvf40000gn/T/XcodeDistPipeline.~~~GZSYDa/entitlements~~~zt9kGg' '--preserve-metadata=identifier,flags,runtime' '/var/folders/hz/wcnnrjrj269fp2kr_5kdpvf40000gn/T/XcodeDistPipeline.~~~GZSYDa/Root/Payload/CeliklerMarket.app/Frameworks/nanopb.framework'
2020-05-17 15:27:23 +0000  /var/folders/hz/wcnnrjrj269fp2kr_5kdpvf40000gn/T/XcodeDistPipeline.~~~GZSYDa/Root/Payload/CeliklerMarket.app/Frameworks/nanopb.framework: signed bundle with Mach-O universal (arm64) [org.cocoapods.nanopb]
2020-05-17 15:27:23 +0000  /usr/bin/codesign exited with 0
2020-05-17 15:27:23 +0000  Entitlements for <IDEDistributionItem: 0x7ff423b91ac0; bundleID='com.OzguRND.CeliklerMarket', path='<DVTFilePath:0x7ff422fd5e10:'/Users/yusuf/Library/Developer/Xcode/Archives/2020-05-17/CeliklerMarket 17.05.2020 18.26.xcarchive/Products/Applications/CeliklerMarket.app'>', codeSigningInfo='<_DVTCodeSigningInformation_Path: 0x7ff423b83ab0; isSigned='1', isAdHocSigned='0', signingCertificate='<DVTSigningCertificate: 0x7ff422de23a0; name='Apple Distribution: OzguRND Elektronik (PRL64D4YUA)', hash='DDE3F6AE19B1AD460E1C5773DF203C9F13BAD57D', serialNumber='53CF2B415C88C122', certificateKinds='(
    "1.2.840.113635.100.6.1.4",
    "1.2.840.113635.100.6.1.7"
), issueDate='2020-05-17 14:31:57 +0000''>', entitlements='{
    "application-identifier" = "PRL64D4YUA.com.OzguRND.CeliklerMarket";
    "beta-reports-active" = 1;
    "com.apple.developer.team-identifier" = PRL64D4YUA;
    "get-task-allow" = 0;
}', teamID='PRL64D4YUA', identifier='com.OzguRND.CeliklerMarket', executablePath='<DVTFilePath:0x7ff423b88ce0:'/Users/yusuf/Library/Developer/Xcode/Archives/2020-05-17/CeliklerMarket 17.05.2020 18.26.xcarchive/Products/Applications/CeliklerMarket.app/CeliklerMarket'>', hardenedRuntime='0'>'>: {
    "application-identifier" = "PRL64D4YUA.com.OzguRND.CeliklerMarket";
    "beta-reports-active" = 1;
    "com.apple.developer.team-identifier" = PRL64D4YUA;
    "get-task-allow" = 0;
}
2020-05-17 15:27:23 +0000  Writing entitlements for <IDEDistributionItem: 0x7ff423b91ac0; bundleID='com.OzguRND.CeliklerMarket', path='<DVTFilePath:0x7ff422fd5e10:'/Users/yusuf/Library/Developer/Xcode/Archives/2020-05-17/CeliklerMarket 17.05.2020 18.26.xcarchive/Products/Applications/CeliklerMarket.app'>', codeSigningInfo='<_DVTCodeSigningInformation_Path: 0x7ff423b83ab0; isSigned='1', isAdHocSigned='0', signingCertificate='<DVTSigningCertificate: 0x7ff423c78df0; name='Apple Distribution: OzguRND Elektronik (PRL64D4YUA)', hash='DDE3F6AE19B1AD460E1C5773DF203C9F13BAD57D', serialNumber='53CF2B415C88C122', certificateKinds='(
    "1.2.840.113635.100.6.1.4",
    "1.2.840.113635.100.6.1.7"
), issueDate='2020-05-17 14:31:57 +0000''>', entitlements='{
    "application-identifier" = "PRL64D4YUA.com.OzguRND.CeliklerMarket";
    "beta-reports-active" = 1;
    "com.apple.developer.team-identifier" = PRL64D4YUA;
    "get-task-allow" = 0;
}', teamID='PRL64D4YUA', identifier='com.OzguRND.CeliklerMarket', executablePath='<DVTFilePath:0x7ff423b88ce0:'/Users/yusuf/Library/Developer/Xcode/Archives/2020-05-17/CeliklerMarket 17.05.2020 18.26.xcarchive/Products/Applications/CeliklerMarket.app/CeliklerMarket'>', hardenedRuntime='0'>'> to: /var/folders/hz/wcnnrjrj269fp2kr_5kdpvf40000gn/T/XcodeDistPipeline.~~~GZSYDa/entitlements~~~ZU6e8l
2020-05-17 15:27:23 +0000  Running /usr/bin/codesign '-vvv' '--force' '--sign' 'DDE3F6AE19B1AD460E1C5773DF203C9F13BAD57D' '--entitlements' '/var/folders/hz/wcnnrjrj269fp2kr_5kdpvf40000gn/T/XcodeDistPipeline.~~~GZSYDa/entitlements~~~ZU6e8l' '--preserve-metadata=identifier,flags,runtime' '/var/folders/hz/wcnnrjrj269fp2kr_5kdpvf40000gn/T/XcodeDistPipeline.~~~GZSYDa/Root/Payload/CeliklerMarket.app'
2020-05-17 15:27:23 +0000  /var/folders/hz/wcnnrjrj269fp2kr_5kdpvf40000gn/T/XcodeDistPipeline.~~~GZSYDa/Root/Payload/CeliklerMarket.app: signed app bundle with Mach-O thin (arm64) [com.OzguRND.CeliklerMarket]
2020-05-17 15:27:24 +0000  /usr/bin/codesign exited with 0
2020-05-17 15:27:24 +0000  Processing step: IDEDistributionZipODRItemStep
2020-05-17 15:27:24 +0000  Skipping step: IDEDistributionZipODRItemStep because it said so
2020-05-17 15:27:24 +0000  Skipping step: IDEDistributionZipODRItemStep because it said so
2020-05-17 15:27:24 +0000  Skipping step: IDEDistributionZipODRItemStep because it said so
2020-05-17 15:27:24 +0000  Skipping step: IDEDistributionZipODRItemStep because it said so
2020-05-17 15:27:24 +0000  Skipping step: IDEDistributionZipODRItemStep because it said so
2020-05-17 15:27:24 +0000  Skipping step: IDEDistributionZipODRItemStep because it said so
2020-05-17 15:27:24 +0000  Skipping step: IDEDistributionZipODRItemStep because it said so
2020-05-17 15:27:24 +0000  Skipping step: IDEDistributionZipODRItemStep because it said so
2020-05-17 15:27:24 +0000  Processing step: IDEDistributionCreateIPAStep
2020-05-17 15:27:24 +0000  Running /usr/bin/ditto '-V' '-c' '-k' '--norsrc' '/var/folders/hz/wcnnrjrj269fp2kr_5kdpvf40000gn/T/XcodeDistPipeline.~~~GZSYDa/Root' '/var/folders/hz/wcnnrjrj269fp2kr_5kdpvf40000gn/T/XcodeDistPipeline.~~~GZSYDa/Packages/CeliklerMarket.ipa'
2020-05-17 15:27:24 +0000  >>> Copying /var/folders/hz/wcnnrjrj269fp2kr_5kdpvf40000gn/T/XcodeDistPipeline.~~~GZSYDa/Root 
2020-05-17 15:27:24 +0000  copying file ./BCSymbolMaps/FC541D3D-66D5-349D-ADDD-9496E3E5DD7A.bcsymbolmap ... 
2020-05-17 15:27:24 +0000  85554 bytes for ./BCSymbolMaps/FC541D3D-66D5-349D-ADDD-9496E3E5DD7A.bcsymbolmap
2020-05-17 15:27:24 +0000  copying file ./BCSymbolMaps/62474D82-2B52-3558-A3F5-5F41FFE088EA.bcsymbolmap ... 
2020-05-17 15:27:24 +0000  12791 bytes for ./BCSymbolMaps/62474D82-2B52-3558-A3F5-5F41FFE088EA.bcsymbolmap
2020-05-17 15:27:24 +0000  copying file ./BCSymbolMaps/1CFEA74E-D327-337B-9CDE-3896F8F53F9F.bcsymbolmap ... 
2020-05-17 15:27:24 +0000  50735 bytes for ./BCSymbolMaps/1CFEA74E-D327-337B-9CDE-3896F8F53F9F.bcsymbolmap
2020-05-17 15:27:24 +0000  copying file ./BCSymbolMaps/AF013BE0-78D5-3496-AD01-53A1B1028F39.bcsymbolmap ... 
2020-05-17 15:27:24 +0000  571688 bytes for ./BCSymbolMaps/AF013BE0-78D5-3496-AD01-53A1B1028F39.bcsymbolmap
2020-05-17 15:27:24 +0000  copying file ./BCSymbolMaps/E96A0F87-AA33-3ADD-A176-F5573E34C1DB.bcsymbolmap ... 
2020-05-17 15:27:24 +0000  662627 bytes for ./BCSymbolMaps/E96A0F87-AA33-3ADD-A176-F5573E34C1DB.bcsymbolmap
2020-05-17 15:27:24 +0000  copying file ./BCSymbolMaps/AC23B2F0-7D05-3D6D-9FDB-CE01604AA994.bcsymbolmap ... 
2020-05-17 15:27:24 +0000  554799 bytes for ./BCSymbolMaps/AC23B2F0-7D05-3D6D-9FDB-CE01604AA994.bcsymbolmap
2020-05-17 15:27:24 +0000  copying file ./BCSymbolMaps/D3B5582A-6BCC-3433-AA00-C33045E449F3.bcsymbolmap ... 
2020-05-17 15:27:24 +0000  55437 bytes for ./BCSymbolMaps/D3B5582A-6BCC-3433-AA00-C33045E449F3.bcsymbolmap
2020-05-17 15:27:24 +0000  copying file ./BCSymbolMaps/C1FC7BCE-A394-35AD-87D0-4AF99CED7FAF.bcsymbolmap ... 
2020-05-17 15:27:24 +0000  157752 bytes for ./BCSymbolMaps/C1FC7BCE-A394-35AD-87D0-4AF99CED7FAF.bcsymbolmap
2020-05-17 15:27:24 +0000  copying file ./Payload/CeliklerMarket.app/_CodeSignature/CodeResources ... 
2020-05-17 15:27:24 +0000  12845 bytes for ./Payload/CeliklerMarket.app/_CodeSignature/CodeResources
2020-05-17 15:27:24 +0000  copying file ./Payload/CeliklerMarket.app/CeliklerMarket ... 
2020-05-17 15:27:24 +0000  10917472 bytes for ./Payload/CeliklerMarket.app/CeliklerMarket
2020-05-17 15:27:24 +0000  copying file ./Payload/CeliklerMarket.app/AppIcon60x60@2x.png ... 
2020-05-17 15:27:24 +0000  7945 bytes for ./Payload/CeliklerMarket.app/AppIcon60x60@2x.png
copying file ./Payload/CeliklerMarket.app/GoogleService-Info.plist ... 
2020-05-17 15:27:24 +0000  750 bytes for ./Payload/CeliklerMarket.app/GoogleService-Info.plist
2020-05-17 15:27:24 +0000  copying file ./Payload/CeliklerMarket.app/Base.lproj/Main.storyboardc/mainViewController.nib ... 
2020-05-17 15:27:24 +0000  2611 bytes for ./Payload/CeliklerMarket.app/Base.lproj/Main.storyboardc/mainViewController.nib
2020-05-17 15:27:24 +0000  copying file ./Payload/CeliklerMarket.app/Base.lproj/Main.storyboardc/XwP-ib-dbX-view-TDg-Wn-D6U.nib ... 
2020-05-17 15:27:24 +0000  1197 bytes for ./Payload/CeliklerMarket.app/Base.lproj/Main.storyboardc/XwP-ib-dbX-view-TDg-Wn-D6U.nib
2020-05-17 15:27:24 +0000  copying file ./Payload/CeliklerMarket.app/Base.lproj/Main.storyboardc/3s9-MG-yst-view-d6i-fC-Bgq.nib ... 
2020-05-17 15:27:24 +0000  11873 bytes for ./Payload/CeliklerMarket.app/Base.lproj/Main.storyboardc/3s9-MG-yst-view-d6i-fC-Bgq.nib
2020-05-17 15:27:24 +0000  copying file ./Payload/CeliklerMarket.app/Base.lproj/Main.storyboardc/KEq-4t-Gn3-view-5jk-2e-vdc.nib ... 
2020-05-17 15:27:24 +0000  5542 bytes for ./Payload/CeliklerMarket.app/Base.lproj/Main.storyboardc/KEq-4t-Gn3-view-5jk-2e-vdc.nib
2020-05-17 15:27:24 +0000  copying file ./Payload/CeliklerMarket.app/Base.lproj/Main.storyboardc/UIViewController-3s9-MG-yst.nib ... 
2020-05-17 15:27:24 +0000  980 bytes for ./Payload/CeliklerMarket.app/Base.lproj/Main.storyboardc/UIViewController-3s9-MG-yst.nib
2020-05-17 15:27:24 +0000  copying file ./Payload/CeliklerMarket.app/Base.lproj/Main.storyboardc/BYZ-38-t0r-view-8bC-Xf-vdC.nib ... 
2020-05-17 15:27:24 +0000  6273 bytes for ./Payload/CeliklerMarket.app/Base.lproj/Main.storyboardc/BYZ-38-t0r-view-8bC-Xf-vdC.nib
2020-05-17 15:27:24 +0000  copying file ./Payload/CeliklerMarket.app/Base.lproj/Main.storyboardc/9ct-fa-8Xf-view-Mlx-WK-4Ev.nib ... 
2020-05-17 15:27:24 +0000  11950 bytes for ./Payload/CeliklerMarket.app/Base.lproj/Main.storyboardc/9ct-fa-8Xf-view-Mlx-WK-4Ev.nib
2020-05-17 15:27:24 +0000  copying file ./Payload/CeliklerMarket.app/Base.lproj/Main.storyboardc/signInController.nib ... 
2020-05-17 15:27:24 +0000  1028 bytes for ./Payload/CeliklerMarket.app/Base.lproj/Main.storyboardc/signInController.nib
2020-05-17 15:27:24 +0000  copying file ./Payload/CeliklerMarket.app/Base.lproj/Main.storyboardc/Info.plist ... 
2020-05-17 15:27:24 +0000  379 bytes for ./Payload/CeliklerMarket.app/Base.lproj/Main.storyboardc/Info.plist
copying file ./Payload/CeliklerMarket.app/Base.lproj/Main.storyboardc/tabBarViewController.nib ... 
2020-05-17 15:27:24 +0000  4550 bytes for ./Payload/CeliklerMarket.app/Base.lproj/Main.storyboardc/tabBarViewController.nib
2020-05-17 15:27:24 +0000  copying file ./Payload/CeliklerMarket.app/Base.lproj/LaunchScreen.storyboardc/01J-lp-oVM-view-Ze5-6b-2t3.nib ... 
2020-05-17 15:27:24 +0000  3315 bytes for ./Payload/CeliklerMarket.app/Base.lproj/LaunchScreen.storyboardc/01J-lp-oVM-view-Ze5-6b-2t3.nib
2020-05-17 15:27:24 +0000  copying file ./Payload/CeliklerMarket.app/Base.lproj/LaunchScreen.storyboardc/UIViewController-01J-lp-oVM.nib ... 
2020-05-17 15:27:24 +0000  896 bytes for ./Payload/CeliklerMarket.app/Base.lproj/LaunchScreen.storyboardc/UIViewController-01J-lp-oVM.nib
2020-05-17 15:27:24 +0000  copying file ./Payload/CeliklerMarket.app/Base.lproj/LaunchScreen.storyboardc/Info.plist ... 
2020-05-17 15:27:24 +0000  258 bytes for ./Payload/CeliklerMarket.app/Base.lproj/LaunchScreen.storyboardc/Info.plist
2020-05-17 15:27:24 +0000  copying file ./Payload/CeliklerMarket.app/Assets.car ... 
2020-05-17 15:27:24 +0000  720399 bytes for ./Payload/CeliklerMarket.app/Assets.car
2020-05-17 15:27:24 +0000  copying file ./Payload/CeliklerMarket.app/AppIcon76x76@2x~ipad.png ... 
2020-05-17 15:27:24 +0000  12039 bytes for ./Payload/CeliklerMarket.app/AppIcon76x76@2x~ipad.png
2020-05-17 15:27:24 +0000  copying file ./Payload/CeliklerMarket.app/Frameworks/Kingfisher.framework/_CodeSignature/CodeResources ... 
2020-05-17 15:27:24 +0000  1798 bytes for ./Payload/CeliklerMarket.app/Frameworks/Kingfisher.framework/_CodeSignature/CodeResources
2020-05-17 15:27:24 +0000  copying file ./Payload/CeliklerMarket.app/Frameworks/Kingfisher.framework/Kingfisher ... 
2020-05-17 15:27:24 +0000  4413120 bytes for ./Payload/CeliklerMarket.app/Frameworks/Kingfisher.framework/Kingfisher
2020-05-17 15:27:24 +0000  copying file ./Payload/CeliklerMarket.app/Frameworks/Kingfisher.framework/Info.plist ... 
747 bytes for ./Payload/CeliklerMarket.app/Frameworks/Kingfisher.framework/Info.plist
2020-05-17 15:27:24 +0000  copying file ./Payload/CeliklerMarket.app/Frameworks/GTMSessionFetcher.framework/_CodeSignature/CodeResources ... 
2020-05-17 15:27:24 +0000  1798 bytes for ./Payload/CeliklerMarket.app/Frameworks/GTMSessionFetcher.framework/_CodeSignature/CodeResources
2020-05-17 15:27:24 +0000  copying file ./Payload/CeliklerMarket.app/Frameworks/GTMSessionFetcher.framework/GTMSessionFetcher ... 
2020-05-17 15:27:24 +0000  938016 bytes for ./Payload/CeliklerMarket.app/Frameworks/GTMSessionFetcher.framework/GTMSessionFetcher
2020-05-17 15:27:24 +0000  copying file ./Payload/CeliklerMarket.app/Frameworks/GTMSessionFetcher.framework/Info.plist ... 
761 bytes for ./Payload/CeliklerMarket.app/Frameworks/GTMSessionFetcher.framework/Info.plist
2020-05-17 15:27:24 +0000  copying file ./Payload/CeliklerMarket.app/Frameworks/FBLPromises.framework/_CodeSignature/CodeResources ... 
2020-05-17 15:27:24 +0000  1798 bytes for ./Payload/CeliklerMarket.app/Frameworks/FBLPromises.framework/_CodeSignature/CodeResources
2020-05-17 15:27:24 +0000  copying file ./Payload/CeliklerMarket.app/Frameworks/FBLPromises.framework/FBLPromises ... 
2020-05-17 15:27:24 +0000  513824 bytes for ./Payload/CeliklerMarket.app/Frameworks/FBLPromises.framework/FBLPromises
2020-05-17 15:27:24 +0000  copying file ./Payload/CeliklerMarket.app/Frameworks/FBLPromises.framework/Info.plist ... 
747 bytes for ./Payload/CeliklerMarket.app/Frameworks/FBLPromises.framework/Info.plist
2020-05-17 15:27:24 +0000  copying file ./Payload/CeliklerMarket.app/Frameworks/GoogleUtilities.framework/_CodeSignature/CodeResources ... 
2020-05-17 15:27:24 +0000  1798 bytes for ./Payload/CeliklerMarket.app/Frameworks/GoogleUtilities.framework/_CodeSignature/CodeResources
2020-05-17 15:27:24 +0000  copying file ./Payload/CeliklerMarket.app/Frameworks/GoogleUtilities.framework/GoogleUtilities ... 
2020-05-17 15:27:24 +0000  782800 bytes for ./Payload/CeliklerMarket.app/Frameworks/GoogleUtilities.framework/GoogleUtilities
2020-05-17 15:27:24 +0000  copying file ./Payload/CeliklerMarket.app/Frameworks/GoogleUtilities.framework/Info.plist ... 
757 bytes for ./Payload/CeliklerMarket.app/Frameworks/GoogleUtilities.framework/Info.plist
2020-05-17 15:27:24 +0000  copying file ./Payload/CeliklerMarket.app/Frameworks/nanopb.framework/_CodeSignature/CodeResources ... 
2020-05-17 15:27:24 +0000  1798 bytes for ./Payload/CeliklerMarket.app/Frameworks/nanopb.framework/_CodeSignature/CodeResources
2020-05-17 15:27:24 +0000  copying file ./Payload/CeliklerMarket.app/Frameworks/nanopb.framework/nanopb ... 
2020-05-17 15:27:24 +0000  213776 bytes for ./Payload/CeliklerMarket.app/Frameworks/nanopb.framework/nanopb
2020-05-17 15:27:24 +0000  copying file ./Payload/CeliklerMarket.app/Frameworks/nanopb.framework/Info.plist ... 
2020-05-17 15:27:24 +0000  741 bytes for ./Payload/CeliklerMarket.app/Frameworks/nanopb.framework/Info.plist
2020-05-17 15:27:24 +0000  copying file ./Payload/CeliklerMarket.app/Frameworks/Alamofire.framework/_CodeSignature/CodeResources ... 
2020-05-17 15:27:24 +0000  1798 bytes for ./Payload/CeliklerMarket.app/Frameworks/Alamofire.framework/_CodeSignature/CodeResources
2020-05-17 15:27:24 +0000  copying file ./Payload/CeliklerMarket.app/Frameworks/Alamofire.framework/Alamofire ... 
2020-05-17 15:27:24 +0000  4831904 bytes for ./Payload/CeliklerMarket.app/Frameworks/Alamofire.framework/Alamofire
2020-05-17 15:27:24 +0000  copying file ./Payload/CeliklerMarket.app/Frameworks/Alamofire.framework/Info.plist ... 
744 bytes for ./Payload/CeliklerMarket.app/Frameworks/Alamofire.framework/Info.plist
2020-05-17 15:27:24 +0000  copying file ./Payload/CeliklerMarket.app/Frameworks/SDWebImage.framework/_CodeSignature/CodeResources ... 
2020-05-17 15:27:24 +0000  1798 bytes for ./Payload/CeliklerMarket.app/Frameworks/SDWebImage.framework/_CodeSignature/CodeResources
2020-05-17 15:27:24 +0000  copying file ./Payload/CeliklerMarket.app/Frameworks/SDWebImage.framework/SDWebImage ... 
2020-05-17 15:27:24 +0000  2579584 bytes for ./Payload/CeliklerMarket.app/Frameworks/SDWebImage.framework/SDWebImage
2020-05-17 15:27:24 +0000  copying file ./Payload/CeliklerMarket.app/Frameworks/SDWebImage.framework/Info.plist ... 
2020-05-17 15:27:24 +0000  745 bytes for ./Payload/CeliklerMarket.app/Frameworks/SDWebImage.framework/Info.plist
2020-05-17 15:27:24 +0000  copying file ./Payload/CeliklerMarket.app/embedded.mobileprovision ... 
2020-05-17 15:27:24 +0000  7388 bytes for ./Payload/CeliklerMarket.app/embedded.mobileprovision
2020-05-17 15:27:24 +0000  copying file ./Payload/CeliklerMarket.app/Info.plist ... 
2020-05-17 15:27:24 +0000  1580 bytes for ./Payload/CeliklerMarket.app/Info.plist
2020-05-17 15:27:24 +0000  copying file ./Payload/CeliklerMarket.app/PkgInfo ... 
2020-05-17 15:27:24 +0000  8 bytes for ./Payload/CeliklerMarket.app/PkgInfo
2020-05-17 15:27:24 +0000  /usr/bin/ditto exited with 0
2020-05-17 15:27:24 +0000  Processing step: IDEDistributionAppStoreInformationStep
2020-05-17 15:27:24 +0000  Skipping step: IDEDistributionAppStoreInformationStep because it said so
2020-05-17 15:27:24 +0000  Processing step: IDEDistributionGenerateProcessedDistributionItems
2020-05-17 15:27:25 +0000  Processing step: IDEDistributionCreateManifestStep
2020-05-17 15:27:25 +0000  Skipping step: IDEDistributionCreateManifestStep because it said so
